Log file open, 11/05/23 12:52:11
LogWindows: Failed to load 'aqProf.dll' (GetLastError=126)
LogWindows: File 'aqProf.dll' does not exist
LogWindows: Failed to load 'VtuneApi.dll' (GetLastError=126)
LogWindows: File 'VtuneApi.dll' does not exist
LogWindows: Failed to load 'VtuneApi32e.dll' (GetLastError=126)
LogWindows: File 'VtuneApi32e.dll' does not exist
LogConsoleResponse: Display: Failed to find resolution value strings in scalability ini. Falling back to default.
LogConsoleResponse: Display: Failed to find resolution value strings in scalability ini. Falling back to default.
LogInit: Display: Running engine for game: GDD_Project
LogPlatformFile: Not using cached read wrapper
LogTaskGraph: Started task graph with 5 named threads and 47 total threads with 3 sets of task threads.
LogStats: Stats thread started at 0.190425
LogICUInternationalization: ICU TimeZone Detection - Raw Offset: +7:00, Platform Override: ''
LogInit: Display: Loading text-based GConfig....
LogPluginManager: Mounting plugin MeshPainting
LogPluginManager: Mounting plugin XGEController
LogPluginManager: Mounting plugin Paper2D
LogPluginManager: Mounting plugin AISupport
LogPluginManager: Mounting plugin EnvironmentQueryEditor
LogPluginManager: Mounting plugin LiveLink
LogPluginManager: Mounting plugin LightPropagationVolume
LogPluginManager: Mounting plugin GameplayCameras
LogPluginManager: Mounting plugin OodleData
LogPluginManager: Mounting plugin OodleNetwork
LogPluginManager: Mounting plugin CameraShakePreviewer
LogPluginManager: Mounting plugin CodeLiteSourceCodeAccess
LogPluginManager: Mounting plugin CLionSourceCodeAccess
LogPluginManager: Mounting plugin AnimationSharing
LogPluginManager: Mounting plugin GitSourceControl
LogPluginManager: Mounting plugin KDevelopSourceCodeAccess
LogPluginManager: Mounting plugin PerforceSourceControl
LogPluginManager: Mounting plugin PixWinPlugin
LogPluginManager: Mounting plugin NullSourceCodeAccess
LogPluginManager: Mounting plugin PluginUtils
LogPluginManager: Mounting plugin PlasticSourceControl
LogPluginManager: Mounting plugin PropertyAccessNode
LogPluginManager: Mounting plugin SubversionSourceControl
LogPluginManager: Mounting plugin VisualStudioCodeSourceCodeAccess
LogPluginManager: Mounting plugin TextureFormatOodle
LogPluginManager: Mounting plugin VisualStudioSourceCodeAccess
LogPluginManager: Mounting plugin XCodeSourceCodeAccess
LogPluginManager: Mounting plugin VariantManagerContent
LogPluginManager: Mounting plugin AssetManagerEditor
LogPluginManager: Mounting plugin CurveEditorTools
LogPluginManager: Mounting plugin UObjectPlugin
LogPluginManager: Mounting plugin DataValidation
LogPluginManager: Mounting plugin FacialAnimation
LogPluginManager: Mounting plugin CryptoKeys
LogPluginManager: Mounting plugin DatasmithContent
LogPluginManager: Mounting plugin GameplayTagsEditor
LogPluginManager: Mounting plugin AlembicImporter
LogPluginManager: Mounting plugin GeometryMode
LogPluginManager: Mounting plugin AutomationUtils
LogPluginManager: Mounting plugin BackChannel
LogPluginManager: Mounting plugin MacGraphicsSwitching
LogPluginManager: Mounting plugin MaterialAnalyzer
LogPluginManager: Mounting plugin MobileLauncherProfileWizard
LogPluginManager: Mounting plugin ChaosCloth
LogPluginManager: Mounting plugin ChaosNiagara
LogPluginManager: Mounting plugin PluginBrowser
LogPluginManager: Mounting plugin ChaosEditor
LogPluginManager: Mounting plugin SpeedTreeImporter
LogPluginManager: Mounting plugin RiderSourceCodeAccess
LogPluginManager: Mounting plugin CharacterAI
LogPluginManager: Mounting plugin ChaosSolverPlugin
LogPluginManager: Mounting plugin ChaosClothEditor
LogPluginManager: Mounting plugin GeometryCollectionPlugin
LogPluginManager: Mounting plugin GeometryProcessing
LogPluginManager: Mounting plugin GeometryCache
LogPluginManager: Mounting plugin OpenImageDenoise
LogPluginManager: Mounting plugin MotoSynth
LogPluginManager: Mounting plugin PlatformCrypto
LogPluginManager: Mounting plugin PlanarCut
LogPluginManager: Mounting plugin PythonScriptPlugin
LogPluginManager: Mounting plugin ProxyLODPlugin
LogPluginManager: Mounting plugin SkeletalReduction
LogPluginManager: Mounting plugin LuminPlatformFeatures
LogPluginManager: Mounting plugin Niagara
LogPluginManager: Mounting plugin MagicLeap
LogPluginManager: Mounting plugin MagicLeapLightEstimation
LogPluginManager: Mounting plugin MagicLeapMedia
LogPluginManager: Mounting plugin MagicLeapPassableWorld
LogPluginManager: Mounting plugin MLSDK
LogPluginManager: Mounting plugin AndroidMedia
LogPluginManager: Mounting plugin AvfMedia
LogPluginManager: Mounting plugin ImgMedia
LogPluginManager: Mounting plugin MediaPlayerEditor
LogPluginManager: Mounting plugin WebMMedia
LogPluginManager: Mounting plugin WmfMedia
LogPluginManager: Mounting plugin TcpMessaging
LogPluginManager: Mounting plugin LauncherChunkInstaller
LogPluginManager: Mounting plugin OnlineSubsystem
LogPluginManager: Mounting plugin UdpMessaging
LogPluginManager: Mounting plugin OnlineSubsystemUtils
LogPluginManager: Mounting plugin ActorLayerUtilities
LogPluginManager: Mounting plugin OnlineSubsystemNull
LogPluginManager: Mounting plugin AndroidMoviePlayer
LogPluginManager: Mounting plugin AndroidPermission
LogPluginManager: Mounting plugin ActorSequence
LogPluginManager: Mounting plugin AppleMoviePlayer
LogPluginManager: Mounting plugin AppleImageUtils
LogPluginManager: Mounting plugin ArchVisCharacter
LogPluginManager: Mounting plugin AssetTags
LogPluginManager: Mounting plugin LevelSequenceEditor
LogPluginManager: Mounting plugin MatineeToLevelSequence
LogPluginManager: Mounting plugin AudioCapture
LogPluginManager: Mounting plugin AudioSynesthesia
LogPluginManager: Mounting plugin CableComponent
LogPluginManager: Mounting plugin ChunkDownloader
LogPluginManager: Mounting plugin CustomMeshComponent
LogPluginManager: Mounting plugin EditableMesh
LogPluginManager: Mounting plugin ExampleDeviceProfileSelector
LogPluginManager: Mounting plugin GoogleCloudMessaging
LogPluginManager: Mounting plugin MediaCompositing
LogPluginManager: Mounting plugin TemplateSequence
LogPluginManager: Mounting plugin AndroidDeviceProfileSelector
LogPluginManager: Mounting plugin IOSDeviceProfileSelector
LogPluginManager: Mounting plugin LinuxDeviceProfileSelector
LogPluginManager: Mounting plugin MobilePatchingUtils
LogPluginManager: Mounting plugin GooglePAD
LogPluginManager: Mounting plugin OpenXR
LogPluginManager: Mounting plugin OpenXREyeTracker
LogPluginManager: Mounting plugin OpenXRHandTracking
LogPluginManager: Mounting plugin PhysXVehicles
LogPluginManager: Mounting plugin PropertyAccessEditor
LogPluginManager: Mounting plugin RuntimePhysXCooking
LogPluginManager: Mounting plugin ProceduralMeshComponent
LogPluginManager: Mounting plugin PostSplashScreen
LogPluginManager: Mounting plugin SignificanceManager
LogPluginManager: Mounting plugin SoundFields
LogPluginManager: Mounting plugin Synthesis
LogPluginManager: Mounting plugin ScreenshotTools
LogPluginManager: Mounting plugin WebMMoviePlayer
LogPluginManager: Mounting plugin WindowsMoviePlayer
LogPluginManager: Mounting plugin Takes
LogPluginManager: Mounting plugin LocationServicesBPLibrary
LogPluginManager: Mounting plugin ContentBrowserAssetDataSource
LogPluginManager: Mounting plugin ContentBrowserFileDataSource
LogPluginManager: Mounting plugin ContentBrowserClassDataSource
LogPluginManager: Mounting plugin OnlineSubsystemGooglePlay
LogPluginManager: Mounting plugin OnlineSubsystemIOS
LogPluginManager: Mounting plugin OculusVR
LogPluginManager: Mounting plugin SteamVR
PixWinPlugin: PIX capture plugin failed to initialize! Check that the process is launched from PIX.
LogInit: Using libcurl 7.55.1-DEV
LogInit:  - built for x86_64-pc-win32
LogInit:  - supports SSL with OpenSSL/1.1.1
LogInit:  - supports HTTP deflate (compression) using libz 1.2.8
LogInit:  - other features:
LogInit:      CURL_VERSION_SSL
LogInit:      CURL_VERSION_LIBZ
LogInit:      CURL_VERSION_IPV6
LogInit:      CURL_VERSION_ASYNCHDNS
LogInit:      CURL_VERSION_LARGEFILE
LogInit:      CURL_VERSION_IDN
LogInit:  CurlRequestOptions (configurable via config and command line):
LogInit:  - bVerifyPeer = true  - Libcurl will verify peer certificate
LogInit:  - bUseHttpProxy = false  - Libcurl will NOT use HTTP proxy
LogInit:  - bDontReuseConnections = false  - Libcurl will reuse connections
LogInit:  - MaxHostConnections = 16  - Libcurl will limit the number of connections to a host
LogInit:  - LocalHostAddr = Default
LogInit:  - BufferSize = 65536
LogOnline: OSS: Creating online subsystem instance for: NULL
LogInit: WinSock: version 1.1 (2.2), MaxSocks=32767, MaxUdp=65467
LogOnline: OSS: TryLoadSubsystemAndSetDefault: Loaded subsystem for module [NULL]
LogOculusPluginWrapper: OculusPlugin initialized successfully
LogHMD: Failed initializing OVRPlugin 1.59.0
LogInit: Build: ++UE4+Release-4.27-CL-18319896
LogInit: Engine Version: 4.27.2-18319896+++UE4+Release-4.27
LogInit: Compatible Engine Version: 4.27.0-17155196+++UE4+Release-4.27
LogInit: Net CL: 17155196
LogInit: OS: Windows 10 (Release 2009) (), CPU: 11th Gen Intel(R) Core(TM) i7-11800H @ 2.30GHz, GPU: Intel(R) UHD Graphics
LogInit: Compiled (64-bit): Nov 30 2021 07:12:08
LogInit: Compiled with Visual C++: 19.24.28315.00
LogInit: Build Configuration: Development
LogInit: Branch Name: ++UE4+Release-4.27
LogInit: Command Line: 
LogInit: Base Directory: D:/UE_4.27/Engine/Binaries/Win64/
LogInit: Allocator: TBB
LogInit: Installed Engine Build: 1
LogDevObjectVersion: Number of dev versions registered: 29
LogDevObjectVersion:   Dev-Blueprints (B0D832E4-1F89-4F0D-ACCF-7EB736FD4AA2): 10
LogDevObjectVersion:   Dev-Build (E1C64328-A22C-4D53-A36C-8E866417BD8C): 0
LogDevObjectVersion:   Dev-Core (375EC13C-06E4-48FB-B500-84F0262A717E): 4
LogDevObjectVersion:   Dev-Editor (E4B068ED-F494-42E9-A231-DA0B2E46BB41): 40
LogDevObjectVersion:   Dev-Framework (CFFC743F-43B0-4480-9391-14DF171D2073): 37
LogDevObjectVersion:   Dev-Mobile (B02B49B5-BB20-44E9-A304-32B752E40360): 3
LogDevObjectVersion:   Dev-Networking (A4E4105C-59A1-49B5-A7C5-40C4547EDFEE): 0
LogDevObjectVersion:   Dev-Online (39C831C9-5AE6-47DC-9A44-9C173E1C8E7C): 0
LogDevObjectVersion:   Dev-Physics (78F01B33-EBEA-4F98-B9B4-84EACCB95AA2): 14
LogDevObjectVersion:   Dev-Platform (6631380F-2D4D-43E0-8009-CF276956A95A): 0
LogDevObjectVersion:   Dev-Rendering (12F88B9F-8875-4AFC-A67C-D90C383ABD29): 45
LogDevObjectVersion:   Dev-Sequencer (7B5AE74C-D270-4C10-A958-57980B212A5A): 13
LogDevObjectVersion:   Dev-VR (D7296918-1DD6-4BDD-9DE2-64A83CC13884): 3
LogDevObjectVersion:   Dev-LoadTimes (C2A15278-BFE7-4AFE-6C17-90FF531DF755): 1
LogDevObjectVersion:   Private-Geometry (6EACA3D4-40EC-4CC1-B786-8BED09428FC5): 3
LogDevObjectVersion:   Dev-AnimPhys (29E575DD-E0A3-4627-9D10-D276232CDCEA): 17
LogDevObjectVersion:   Dev-Anim (AF43A65D-7FD3-4947-9873-3E8ED9C1BB05): 15
LogDevObjectVersion:   Dev-ReflectionCapture (6B266CEC-1EC7-4B8F-A30B-E4D90942FC07): 1
LogDevObjectVersion:   Dev-Automation (0DF73D61-A23F-47EA-B727-89E90C41499A): 1
LogDevObjectVersion:   FortniteMain (601D1886-AC64-4F84-AA16-D3DE0DEAC7D6): 47
LogDevObjectVersion:   FortniteRelease (E7086368-6B23-4C58-8439-1B7016265E91): 1
LogDevObjectVersion:   Dev-Enterprise (9DFFBCD6-494F-0158-E221-12823C92A888): 10
LogDevObjectVersion:   Dev-Niagara (F2AED0AC-9AFE-416F-8664-AA7FFA26D6FC): 1
LogDevObjectVersion:   Dev-Destruction (174F1F0B-B4C6-45A5-B13F-2EE8D0FB917D): 10
LogDevObjectVersion:   Dev-Physics-Ext (35F94A83-E258-406C-A318-09F59610247C): 41
LogDevObjectVersion:   Dev-PhysicsMaterial-Chaos (B68FC16E-8B1B-42E2-B453-215C058844FE): 1
LogDevObjectVersion:   Dev-CineCamera (B2E18506-4273-CFC2-A54E-F4BB758BBA07): 1
LogDevObjectVersion:   Dev-VirtualProduction (64F58936-FD1B-42BA-BA96-7289D5D0FA4E): 1
LogDevObjectVersion:   Dev-MediaFramework (6F0ED827-A609-4895-9C91-998D90180EA4): 2
LogInit: Presizing for max 25165824 objects, including 0 objects not considered by GC, pre-allocating 0 bytes for permanent pool.
LogConfig: Applying CVar settings from Section [/Script/Engine.StreamingSettings] File [D:/GDD-project/Saved/Config/Windows/Engine.ini]
LogConfig: Setting CVar [[s.MinBulkDataSizeForAsyncLoading:131072]]
LogConfig: Setting CVar [[s.AsyncLoadingThreadEnabled:0]]
LogConfig: Setting CVar [[s.EventDrivenLoaderEnabled:1]]
LogConfig: Setting CVar [[s.WarnIfTimeLimitExceeded:0]]
LogConfig: Setting CVar [[s.TimeLimitExceededMultiplier:1.5]]
LogConfig: Setting CVar [[s.TimeLimitExceededMinTime:0.005]]
LogConfig: Setting CVar [[s.UseBackgroundLevelStreaming:1]]
LogConfig: Setting CVar [[s.PriorityAsyncLoadingExtraTime:15.0]]
LogConfig: Setting CVar [[s.LevelStreamingActorsUpdateTimeLimit:5.0]]
LogConfig: Setting CVar [[s.PriorityLevelStreamingActorsUpdateExtraTime:5.0]]
LogConfig: Setting CVar [[s.LevelStreamingComponentsRegistrationGranularity:10]]
LogConfig: Setting CVar [[s.UnregisterComponentsTimeLimit:1.0]]
LogConfig: Setting CVar [[s.LevelStreamingComponentsUnregistrationGranularity:5]]
LogConfig: Setting CVar [[s.FlushStreamingOnExit:1]]
LogInit: Object subsystem initialized
LogConfig: Setting CVar [[con.DebugEarlyDefault:1]]
LogConfig: Setting CVar [[r.setres:1280x720]]
[2023.11.05-05.52.12:244][  0]LogConfig: Setting CVar [[r.VSync:0]]
[2023.11.05-05.52.12:244][  0]LogConfig: Setting CVar [[r.RHICmdBypass:0]]
[2023.11.05-05.52.12:244][  0]LogConfig: Applying CVar settings from Section [/Script/Engine.RendererSettings] File [D:/GDD-project/Saved/Config/Windows/Engine.ini]
[2023.11.05-05.52.12:244][  0]LogConfig: Setting CVar [[r.GPUCrashDebugging:0]]
[2023.11.05-05.52.12:244][  0]LogConfig: Applying CVar settings from Section [/Script/Engine.RendererOverrideSettings] File [D:/GDD-project/Saved/Config/Windows/Engine.ini]
[2023.11.05-05.52.12:244][  0]LogConfig: Applying CVar settings from Section [/Script/Engine.StreamingSettings] File [D:/GDD-project/Saved/Config/Windows/Engine.ini]
[2023.11.05-05.52.12:244][  0]LogConfig: Setting CVar [[s.MinBulkDataSizeForAsyncLoading:131072]]
[2023.11.05-05.52.12:244][  0]LogConfig: Setting CVar [[s.AsyncLoadingThreadEnabled:0]]
[2023.11.05-05.52.12:244][  0]LogConfig: Setting CVar [[s.EventDrivenLoaderEnabled:1]]
[2023.11.05-05.52.12:244][  0]LogConfig: Setting CVar [[s.WarnIfTimeLimitExceeded:0]]
[2023.11.05-05.52.12:244][  0]LogConfig: Setting CVar [[s.TimeLimitExceededMultiplier:1.5]]
[2023.11.05-05.52.12:244][  0]LogConfig: Setting CVar [[s.TimeLimitExceededMinTime:0.005]]
[2023.11.05-05.52.12:244][  0]LogConfig: Setting CVar [[s.UseBackgroundLevelStreaming:1]]
[2023.11.05-05.52.12:244][  0]LogConfig: Setting CVar [[s.PriorityAsyncLoadingExtraTime:15.0]]
[2023.11.05-05.52.12:244][  0]LogConfig: Setting CVar [[s.LevelStreamingActorsUpdateTimeLimit:5.0]]
[2023.11.05-05.52.12:244][  0]LogConfig: Setting CVar [[s.PriorityLevelStreamingActorsUpdateExtraTime:5.0]]
[2023.11.05-05.52.12:244][  0]LogConfig: Setting CVar [[s.LevelStreamingComponentsRegistrationGranularity:10]]
[2023.11.05-05.52.12:244][  0]LogConfig: Setting CVar [[s.UnregisterComponentsTimeLimit:1.0]]
[2023.11.05-05.52.12:244][  0]LogConfig: Setting CVar [[s.LevelStreamingComponentsUnregistrationGranularity:5]]
[2023.11.05-05.52.12:244][  0]LogConfig: Setting CVar [[s.FlushStreamingOnExit:1]]
[2023.11.05-05.52.12:244][  0]LogConfig: Applying CVar settings from Section [/Script/Engine.GarbageCollectionSettings] File [D:/GDD-project/Saved/Config/Windows/Engine.ini]
[2023.11.05-05.52.12:244][  0]LogConfig: Setting CVar [[gc.MaxObjectsNotConsideredByGC:1]]
[2023.11.05-05.52.12:244][  0]LogConfig: Setting CVar [[gc.SizeOfPermanentObjectPool:0]]
[2023.11.05-05.52.12:244][  0]LogConfig: Setting CVar [[gc.FlushStreamingOnGC:0]]
[2023.11.05-05.52.12:244][  0]LogConfig: Setting CVar [[gc.NumRetriesBeforeForcingGC:10]]
[2023.11.05-05.52.12:244][  0]LogConfig: Setting CVar [[gc.AllowParallelGC:1]]
[2023.11.05-05.52.12:244][  0]LogConfig: Setting CVar [[gc.TimeBetweenPurgingPendingKillObjects:61.1]]
[2023.11.05-05.52.12:244][  0]LogConfig: Setting CVar [[gc.MaxObjectsInEditor:25165824]]
[2023.11.05-05.52.12:244][  0]LogConfig: Setting CVar [[gc.IncrementalBeginDestroyEnabled:1]]
[2023.11.05-05.52.12:244][  0]LogConfig: Setting CVar [[gc.CreateGCClusters:1]]
[2023.11.05-05.52.12:244][  0]LogConfig: Setting CVar [[gc.MinGCClusterSize:5]]
[2023.11.05-05.52.12:244][  0]LogConfig: Setting CVar [[gc.ActorClusteringEnabled:0]]
[2023.11.05-05.52.12:244][  0]LogConfig: Setting CVar [[gc.BlueprintClusteringEnabled:0]]
[2023.11.05-05.52.12:244][  0]LogConfig: Setting CVar [[gc.UseDisregardForGCOnDedicatedServers:0]]
[2023.11.05-05.52.12:244][  0]LogConfig: Setting CVar [[gc.MultithreadedDestructionEnabled:1]]
[2023.11.05-05.52.12:244][  0]LogConfig: Applying CVar settings from Section [/Script/Engine.NetworkSettings] File [D:/GDD-project/Saved/Config/Windows/Engine.ini]
[2023.11.05-05.52.12:244][  0]LogConfig: Applying CVar settings from Section [/Script/UnrealEd.CookerSettings] File [D:/GDD-project/Saved/Config/Windows/Engine.ini]
[2023.11.05-05.52.12:272][  0]LogConfig: Applying CVar settings from Section [ViewDistanceQuality@3] File [D:/GDD-project/Saved/Config/Windows/Scalability.ini]
[2023.11.05-05.52.12:272][  0]LogConfig: Setting CVar [[r.SkeletalMeshLODBias:0]]
[2023.11.05-05.52.12:272][  0]LogConfig: Setting CVar [[r.ViewDistanceScale:1.0]]
[2023.11.05-05.52.12:272][  0]LogConfig: Applying CVar settings from Section [AntiAliasingQuality@3] File [D:/GDD-project/Saved/Config/Windows/Scalability.ini]
[2023.11.05-05.52.12:272][  0]LogConfig: Setting CVar [[r.PostProcessAAQuality:4]]
[2023.11.05-05.52.12:272][  0]LogConfig: Applying CVar settings from Section [ShadowQuality@3] File [D:/GDD-project/Saved/Config/Windows/Scalability.ini]
[2023.11.05-05.52.12:272][  0]LogConfig: Setting CVar [[r.LightFunctionQuality:1]]
[2023.11.05-05.52.12:272][  0]LogConfig: Setting CVar [[r.ShadowQuality:5]]
[2023.11.05-05.52.12:272][  0]LogConfig: Setting CVar [[r.Shadow.CSM.MaxCascades:10]]
[2023.11.05-05.52.12:272][  0]LogConfig: Setting CVar [[r.Shadow.MaxResolution:2048]]
[2023.11.05-05.52.12:272][  0]LogConfig: Setting CVar [[r.Shadow.MaxCSMResolution:2048]]
[2023.11.05-05.52.12:272][  0]LogConfig: Setting CVar [[r.Shadow.RadiusThreshold:0.01]]
[2023.11.05-05.52.12:272][  0]LogConfig: Setting CVar [[r.Shadow.DistanceScale:1.0]]
[2023.11.05-05.52.12:272][  0]LogConfig: Setting CVar [[r.Shadow.CSM.TransitionScale:1.0]]
[2023.11.05-05.52.12:272][  0]LogConfig: Setting CVar [[r.Shadow.PreShadowResolutionFactor:1.0]]
[2023.11.05-05.52.12:272][  0]LogConfig: Setting CVar [[r.DistanceFieldShadowing:1]]
[2023.11.05-05.52.12:272][  0]LogConfig: Setting CVar [[r.DistanceFieldAO:1]]
[2023.11.05-05.52.12:272][  0]LogConfig: Setting CVar [[r.AOQuality:2]]
[2023.11.05-05.52.12:272][  0]LogConfig: Setting CVar [[r.VolumetricFog:1]]
[2023.11.05-05.52.12:272][  0]LogConfig: Setting CVar [[r.VolumetricFog.GridPixelSize:8]]
[2023.11.05-05.52.12:272][  0]LogConfig: Setting CVar [[r.VolumetricFog.GridSizeZ:128]]
[2023.11.05-05.52.12:272][  0]LogConfig: Setting CVar [[r.VolumetricFog.HistoryMissSupersampleCount:4]]
[2023.11.05-05.52.12:272][  0]LogConfig: Setting CVar [[r.LightMaxDrawDistanceScale:1]]
[2023.11.05-05.52.12:272][  0]LogConfig: Setting CVar [[r.CapsuleShadows:1]]
[2023.11.05-05.52.12:272][  0]LogConfig: Applying CVar settings from Section [PostProcessQuality@3] File [D:/GDD-project/Saved/Config/Windows/Scalability.ini]
[2023.11.05-05.52.12:272][  0]LogConfig: Setting CVar [[r.MotionBlurQuality:4]]
[2023.11.05-05.52.12:272][  0]LogConfig: Setting CVar [[r.AmbientOcclusionMipLevelFactor:0.4]]
[2023.11.05-05.52.12:272][  0]LogConfig: Setting CVar [[r.AmbientOcclusionMaxQuality:100]]
[2023.11.05-05.52.12:272][  0]LogConfig: Setting CVar [[r.AmbientOcclusionLevels:-1]]
[2023.11.05-05.52.12:272][  0]LogConfig: Setting CVar [[r.AmbientOcclusionRadiusScale:1.0]]
[2023.11.05-05.52.12:272][  0]LogConfig: Setting CVar [[r.DepthOfFieldQuality:2]]
[2023.11.05-05.52.12:272][  0]LogConfig: Setting CVar [[r.RenderTargetPoolMin:400]]
[2023.11.05-05.52.12:272][  0]LogConfig: Setting CVar [[r.LensFlareQuality:2]]
[2023.11.05-05.52.12:272][  0]LogConfig: Setting CVar [[r.SceneColorFringeQuality:1]]
[2023.11.05-05.52.12:272][  0]LogConfig: Setting CVar [[r.EyeAdaptationQuality:2]]
[2023.11.05-05.52.12:272][  0]LogConfig: Setting CVar [[r.BloomQuality:5]]
[2023.11.05-05.52.12:272][  0]LogConfig: Setting CVar [[r.FastBlurThreshold:100]]
[2023.11.05-05.52.12:272][  0]LogConfig: Setting CVar [[r.Upscale.Quality:3]]
[2023.11.05-05.52.12:272][  0]LogConfig: Setting CVar [[r.Tonemapper.GrainQuantization:1]]
[2023.11.05-05.52.12:272][  0]LogConfig: Setting CVar [[r.LightShaftQuality:1]]
[2023.11.05-05.52.12:272][  0]LogConfig: Setting CVar [[r.Filter.SizeScale:1]]
[2023.11.05-05.52.12:272][  0]LogConfig: Setting CVar [[r.Tonemapper.Quality:5]]
[2023.11.05-05.52.12:272][  0]LogConfig: Setting CVar [[r.DOF.Gather.AccumulatorQuality:1        ; higher gathering accumulator quality]]
[2023.11.05-05.52.12:272][  0]LogConfig: Setting CVar [[r.DOF.Gather.PostfilterMethod:1          ; Median3x3 postfilering method]]
[2023.11.05-05.52.12:272][  0]LogConfig: Setting CVar [[r.DOF.Gather.EnableBokehSettings:0       ; no bokeh simulation when gathering]]
[2023.11.05-05.52.12:272][  0]LogConfig: Setting CVar [[r.DOF.Gather.RingCount:4                 ; medium number of samples when gathering]]
[2023.11.05-05.52.12:272][  0]LogConfig: Setting CVar [[r.DOF.Scatter.ForegroundCompositing:1    ; additive foreground scattering]]
[2023.11.05-05.52.12:272][  0]LogConfig: Setting CVar [[r.DOF.Scatter.BackgroundCompositing:2    ; additive background scattering]]
[2023.11.05-05.52.12:272][  0]LogConfig: Setting CVar [[r.DOF.Scatter.EnableBokehSettings:1      ; bokeh simulation when scattering]]
[2023.11.05-05.52.12:272][  0]LogConfig: Setting CVar [[r.DOF.Scatter.MaxSpriteRatio:0.1         ; only a maximum of 10% of scattered bokeh]]
[2023.11.05-05.52.12:272][  0]LogConfig: Setting CVar [[r.DOF.Recombine.Quality:1                ; cheap slight out of focus]]
[2023.11.05-05.52.12:272][  0]LogConfig: Setting CVar [[r.DOF.Recombine.EnableBokehSettings:0    ; no bokeh simulation on slight out of focus]]
[2023.11.05-05.52.12:272][  0]LogConfig: Setting CVar [[r.DOF.TemporalAAQuality:1                ; more stable temporal accumulation]]
[2023.11.05-05.52.12:272][  0]LogConfig: Setting CVar [[r.DOF.Kernel.MaxForegroundRadius:0.025]]
[2023.11.05-05.52.12:272][  0]LogConfig: Setting CVar [[r.DOF.Kernel.MaxBackgroundRadius:0.025]]
[2023.11.05-05.52.12:272][  0]LogConfig: Applying CVar settings from Section [TextureQuality@3] File [D:/GDD-project/Saved/Config/Windows/Scalability.ini]
[2023.11.05-05.52.12:272][  0]LogConfig: Setting CVar [[r.Streaming.MipBias:0]]
[2023.11.05-05.52.12:272][  0]LogConfig: Setting CVar [[r.Streaming.AmortizeCPUToGPUCopy:0]]
[2023.11.05-05.52.12:272][  0]LogConfig: Setting CVar [[r.Streaming.MaxNumTexturesToStreamPerFrame:0]]
[2023.11.05-05.52.12:272][  0]LogConfig: Setting CVar [[r.Streaming.Boost:1]]
[2023.11.05-05.52.12:272][  0]LogConfig: Setting CVar [[r.MaxAnisotropy:8]]
[2023.11.05-05.52.12:272][  0]LogConfig: Setting CVar [[r.VT.MaxAnisotropy:8]]
[2023.11.05-05.52.12:272][  0]LogConfig: Setting CVar [[r.Streaming.LimitPoolSizeToVRAM:0]]
[2023.11.05-05.52.12:272][  0]LogConfig: Setting CVar [[r.Streaming.PoolSize:1000]]
[2023.11.05-05.52.12:272][  0]LogConfig: Setting CVar [[r.Streaming.MaxEffectiveScreenSize:0]]
[2023.11.05-05.52.12:272][  0]LogConfig: Applying CVar settings from Section [EffectsQuality@3] File [D:/GDD-project/Saved/Config/Windows/Scalability.ini]
[2023.11.05-05.52.12:273][  0]LogConfig: Setting CVar [[r.TranslucencyLightingVolumeDim:64]]
[2023.11.05-05.52.12:273][  0]LogConfig: Setting CVar [[r.RefractionQuality:2]]
[2023.11.05-05.52.12:273][  0]LogConfig: Setting CVar [[r.SSR.Quality:3]]
[2023.11.05-05.52.12:273][  0]LogConfig: Setting CVar [[r.SSR.HalfResSceneColor:0]]
[2023.11.05-05.52.12:273][  0]LogConfig: Setting CVar [[r.SceneColorFormat:4]]
[2023.11.05-05.52.12:273][  0]LogConfig: Setting CVar [[r.DetailMode:2]]
[2023.11.05-05.52.12:273][  0]LogConfig: Setting CVar [[r.TranslucencyVolumeBlur:1]]
[2023.11.05-05.52.12:273][  0]LogConfig: Setting CVar [[r.MaterialQualityLevel:1 ; High quality]]
[2023.11.05-05.52.12:273][  0]LogConfig: Setting CVar [[r.AnisotropicMaterials:1]]
[2023.11.05-05.52.12:273][  0]LogConfig: Setting CVar [[r.SSS.Scale:1]]
[2023.11.05-05.52.12:273][  0]LogConfig: Setting CVar [[r.SSS.SampleSet:2]]
[2023.11.05-05.52.12:273][  0]LogConfig: Setting CVar [[r.SSS.Quality:1]]
[2023.11.05-05.52.12:273][  0]LogConfig: Setting CVar [[r.SSS.HalfRes:0]]
[2023.11.05-05.52.12:273][  0]LogConfig: Setting CVar [[r.SSGI.Quality:3]]
[2023.11.05-05.52.12:273][  0]LogConfig: Setting CVar [[r.EmitterSpawnRateScale:1.0]]
[2023.11.05-05.52.12:273][  0]LogConfig: Setting CVar [[r.ParticleLightQuality:2]]
[2023.11.05-05.52.12:273][  0]LogConfig: Setting CVar [[r.SkyAtmosphere.AerialPerspectiveLUT.FastApplyOnOpaque:1 ; Always have FastSkyLUT 1 in this case to avoid wrong sky]]
[2023.11.05-05.52.12:273][  0]LogConfig: Setting CVar [[r.SkyAtmosphere.AerialPerspectiveLUT.SampleCountMaxPerSlice:4]]
[2023.11.05-05.52.12:273][  0]LogConfig: Setting CVar [[r.SkyAtmosphere.AerialPerspectiveLUT.DepthResolution:16.0]]
[2023.11.05-05.52.12:273][  0]LogConfig: Setting CVar [[r.SkyAtmosphere.FastSkyLUT:1]]
[2023.11.05-05.52.12:273][  0]LogConfig: Setting CVar [[r.SkyAtmosphere.FastSkyLUT.SampleCountMin:4.0]]
[2023.11.05-05.52.12:273][  0]LogConfig: Setting CVar [[r.SkyAtmosphere.FastSkyLUT.SampleCountMax:128.0]]
[2023.11.05-05.52.12:273][  0]LogConfig: Setting CVar [[r.SkyAtmosphere.SampleCountMin:4.0]]
[2023.11.05-05.52.12:273][  0]LogConfig: Setting CVar [[r.SkyAtmosphere.SampleCountMax:128.0]]
[2023.11.05-05.52.12:273][  0]LogConfig: Setting CVar [[r.SkyAtmosphere.TransmittanceLUT.UseSmallFormat:0]]
[2023.11.05-05.52.12:273][  0]LogConfig: Setting CVar [[r.SkyAtmosphere.TransmittanceLUT.SampleCount:10.0]]
[2023.11.05-05.52.12:273][  0]LogConfig: Setting CVar [[r.SkyAtmosphere.MultiScatteringLUT.SampleCount:15.0]]
[2023.11.05-05.52.12:273][  0]LogConfig: Setting CVar [[r.SkyLight.RealTimeReflectionCapture:1]]
[2023.11.05-05.52.12:273][  0]LogConfig: Applying CVar settings from Section [FoliageQuality@3] File [D:/GDD-project/Saved/Config/Windows/Scalability.ini]
[2023.11.05-05.52.12:273][  0]LogConfig: Setting CVar [[foliage.DensityScale:1.0]]
[2023.11.05-05.52.12:273][  0]LogConfig: Setting CVar [[grass.DensityScale:1.0]]
[2023.11.05-05.52.12:273][  0]LogConfig: Applying CVar settings from Section [ShadingQuality@3] File [D:/GDD-project/Saved/Config/Windows/Scalability.ini]
[2023.11.05-05.52.12:273][  0]LogConfig: Setting CVar [[r.HairStrands.SkyLighting.IntegrationType:2]]
[2023.11.05-05.52.12:273][  0]LogConfig: Setting CVar [[r.HairStrands.SkyAO.SampleCount:4]]
[2023.11.05-05.52.12:273][  0]LogConfig: Setting CVar [[r.HairStrands.Visibility.MSAA.SamplePerPixel:4]]
[2023.11.05-05.52.12:273][  0]LogInit: Selected Device Profile: [Windows]
[2023.11.05-05.52.12:273][  0]LogInit: Applying CVar settings loaded from the selected device profile: [Windows]
[2023.11.05-05.52.12:273][  0]LogHAL: Display: Platform has ~ 16 GB [16931676160 / 17179869184 / 16], which maps to Larger [LargestMinGB=32, LargerMinGB=12, DefaultMinGB=8, SmallerMinGB=6, SmallestMinGB=0)
[2023.11.05-05.52.12:273][  0]LogInit: Going up to parent DeviceProfile []
[2023.11.05-05.52.12:273][  0]LogConfig: Applying CVar settings from Section [ViewDistanceQuality@3] File [D:/GDD-project/Saved/Config/Windows/Scalability.ini]
[2023.11.05-05.52.12:273][  0]LogConfig: Setting CVar [[r.SkeletalMeshLODBias:0]]
[2023.11.05-05.52.12:273][  0]LogConfig: Setting CVar [[r.ViewDistanceScale:1.0]]
[2023.11.05-05.52.12:273][  0]LogConfig: Applying CVar settings from Section [AntiAliasingQuality@3] File [D:/GDD-project/Saved/Config/Windows/Scalability.ini]
[2023.11.05-05.52.12:273][  0]LogConfig: Setting CVar [[r.PostProcessAAQuality:4]]
[2023.11.05-05.52.12:273][  0]LogConfig: Applying CVar settings from Section [ShadowQuality@3] File [D:/GDD-project/Saved/Config/Windows/Scalability.ini]
[2023.11.05-05.52.12:273][  0]LogConfig: Setting CVar [[r.LightFunctionQuality:1]]
[2023.11.05-05.52.12:273][  0]LogConfig: Setting CVar [[r.ShadowQuality:5]]
[2023.11.05-05.52.12:273][  0]LogConfig: Setting CVar [[r.Shadow.CSM.MaxCascades:10]]
[2023.11.05-05.52.12:273][  0]LogConfig: Setting CVar [[r.Shadow.MaxResolution:2048]]
[2023.11.05-05.52.12:273][  0]LogConfig: Setting CVar [[r.Shadow.MaxCSMResolution:2048]]
[2023.11.05-05.52.12:273][  0]LogConfig: Setting CVar [[r.Shadow.RadiusThreshold:0.01]]
[2023.11.05-05.52.12:273][  0]LogConfig: Setting CVar [[r.Shadow.DistanceScale:1.0]]
[2023.11.05-05.52.12:273][  0]LogConfig: Setting CVar [[r.Shadow.CSM.TransitionScale:1.0]]
[2023.11.05-05.52.12:273][  0]LogConfig: Setting CVar [[r.Shadow.PreShadowResolutionFactor:1.0]]
[2023.11.05-05.52.12:273][  0]LogConfig: Setting CVar [[r.DistanceFieldShadowing:1]]
[2023.11.05-05.52.12:273][  0]LogConfig: Setting CVar [[r.DistanceFieldAO:1]]
[2023.11.05-05.52.12:273][  0]LogConfig: Setting CVar [[r.AOQuality:2]]
[2023.11.05-05.52.12:273][  0]LogConfig: Setting CVar [[r.VolumetricFog:1]]
[2023.11.05-05.52.12:273][  0]LogConfig: Setting CVar [[r.VolumetricFog.GridPixelSize:8]]
[2023.11.05-05.52.12:273][  0]LogConfig: Setting CVar [[r.VolumetricFog.GridSizeZ:128]]
[2023.11.05-05.52.12:273][  0]LogConfig: Setting CVar [[r.VolumetricFog.HistoryMissSupersampleCount:4]]
[2023.11.05-05.52.12:273][  0]LogConfig: Setting CVar [[r.LightMaxDrawDistanceScale:1]]
[2023.11.05-05.52.12:273][  0]LogConfig: Setting CVar [[r.CapsuleShadows:1]]
[2023.11.05-05.52.12:273][  0]LogConfig: Applying CVar settings from Section [PostProcessQuality@3] File [D:/GDD-project/Saved/Config/Windows/Scalability.ini]
[2023.11.05-05.52.12:273][  0]LogConfig: Setting CVar [[r.MotionBlurQuality:4]]
[2023.11.05-05.52.12:273][  0]LogConfig: Setting CVar [[r.AmbientOcclusionMipLevelFactor:0.4]]
[2023.11.05-05.52.12:273][  0]LogConfig: Setting CVar [[r.AmbientOcclusionMaxQuality:100]]
[2023.11.05-05.52.12:273][  0]LogConfig: Setting CVar [[r.AmbientOcclusionLevels:-1]]
[2023.11.05-05.52.12:273][  0]LogConfig: Setting CVar [[r.AmbientOcclusionRadiusScale:1.0]]
[2023.11.05-05.52.12:273][  0]LogConfig: Setting CVar [[r.DepthOfFieldQuality:2]]
[2023.11.05-05.52.12:273][  0]LogConfig: Setting CVar [[r.RenderTargetPoolMin:400]]
[2023.11.05-05.52.12:273][  0]LogConfig: Setting CVar [[r.LensFlareQuality:2]]
[2023.11.05-05.52.12:273][  0]LogConfig: Setting CVar [[r.SceneColorFringeQuality:1]]
[2023.11.05-05.52.12:273][  0]LogConfig: Setting CVar [[r.EyeAdaptationQuality:2]]
[2023.11.05-05.52.12:273][  0]LogConfig: Setting CVar [[r.BloomQuality:5]]
[2023.11.05-05.52.12:273][  0]LogConfig: Setting CVar [[r.FastBlurThreshold:100]]
[2023.11.05-05.52.12:273][  0]LogConfig: Setting CVar [[r.Upscale.Quality:3]]
[2023.11.05-05.52.12:273][  0]LogConfig: Setting CVar [[r.Tonemapper.GrainQuantization:1]]
[2023.11.05-05.52.12:273][  0]LogConfig: Setting CVar [[r.LightShaftQuality:1]]
[2023.11.05-05.52.12:273][  0]LogConfig: Setting CVar [[r.Filter.SizeScale:1]]
[2023.11.05-05.52.12:273][  0]LogConfig: Setting CVar [[r.Tonemapper.Quality:5]]
[2023.11.05-05.52.12:273][  0]LogConfig: Setting CVar [[r.DOF.Gather.AccumulatorQuality:1        ; higher gathering accumulator quality]]
[2023.11.05-05.52.12:273][  0]LogConfig: Setting CVar [[r.DOF.Gather.PostfilterMethod:1          ; Median3x3 postfilering method]]
[2023.11.05-05.52.12:273][  0]LogConfig: Setting CVar [[r.DOF.Gather.EnableBokehSettings:0       ; no bokeh simulation when gathering]]
[2023.11.05-05.52.12:273][  0]LogConfig: Setting CVar [[r.DOF.Gather.RingCount:4                 ; medium number of samples when gathering]]
[2023.11.05-05.52.12:273][  0]LogConfig: Setting CVar [[r.DOF.Scatter.ForegroundCompositing:1    ; additive foreground scattering]]
[2023.11.05-05.52.12:273][  0]LogConfig: Setting CVar [[r.DOF.Scatter.BackgroundCompositing:2    ; additive background scattering]]
[2023.11.05-05.52.12:273][  0]LogConfig: Setting CVar [[r.DOF.Scatter.EnableBokehSettings:1      ; bokeh simulation when scattering]]
[2023.11.05-05.52.12:273][  0]LogConfig: Setting CVar [[r.DOF.Scatter.MaxSpriteRatio:0.1         ; only a maximum of 10% of scattered bokeh]]
[2023.11.05-05.52.12:273][  0]LogConfig: Setting CVar [[r.DOF.Recombine.Quality:1                ; cheap slight out of focus]]
[2023.11.05-05.52.12:273][  0]LogConfig: Setting CVar [[r.DOF.Recombine.EnableBokehSettings:0    ; no bokeh simulation on slight out of focus]]
[2023.11.05-05.52.12:273][  0]LogConfig: Setting CVar [[r.DOF.TemporalAAQuality:1                ; more stable temporal accumulation]]
[2023.11.05-05.52.12:273][  0]LogConfig: Setting CVar [[r.DOF.Kernel.MaxForegroundRadius:0.025]]
[2023.11.05-05.52.12:273][  0]LogConfig: Setting CVar [[r.DOF.Kernel.MaxBackgroundRadius:0.025]]
[2023.11.05-05.52.12:273][  0]LogConfig: Applying CVar settings from Section [TextureQuality@3] File [D:/GDD-project/Saved/Config/Windows/Scalability.ini]
[2023.11.05-05.52.12:273][  0]LogConfig: Setting CVar [[r.Streaming.MipBias:0]]
[2023.11.05-05.52.12:273][  0]LogConfig: Setting CVar [[r.Streaming.AmortizeCPUToGPUCopy:0]]
[2023.11.05-05.52.12:273][  0]LogConfig: Setting CVar [[r.Streaming.MaxNumTexturesToStreamPerFrame:0]]
[2023.11.05-05.52.12:273][  0]LogConfig: Setting CVar [[r.Streaming.Boost:1]]
[2023.11.05-05.52.12:273][  0]LogConfig: Setting CVar [[r.MaxAnisotropy:8]]
[2023.11.05-05.52.12:273][  0]LogConfig: Setting CVar [[r.VT.MaxAnisotropy:8]]
[2023.11.05-05.52.12:273][  0]LogConfig: Setting CVar [[r.Streaming.LimitPoolSizeToVRAM:0]]
[2023.11.05-05.52.12:273][  0]LogConfig: Setting CVar [[r.Streaming.PoolSize:1000]]
[2023.11.05-05.52.12:273][  0]LogConfig: Setting CVar [[r.Streaming.MaxEffectiveScreenSize:0]]
[2023.11.05-05.52.12:273][  0]LogConfig: Applying CVar settings from Section [EffectsQuality@3] File [D:/GDD-project/Saved/Config/Windows/Scalability.ini]
[2023.11.05-05.52.12:273][  0]LogConfig: Setting CVar [[r.TranslucencyLightingVolumeDim:64]]
[2023.11.05-05.52.12:273][  0]LogConfig: Setting CVar [[r.RefractionQuality:2]]
[2023.11.05-05.52.12:273][  0]LogConfig: Setting CVar [[r.SSR.Quality:3]]
[2023.11.05-05.52.12:273][  0]LogConfig: Setting CVar [[r.SSR.HalfResSceneColor:0]]
[2023.11.05-05.52.12:273][  0]LogConfig: Setting CVar [[r.SceneColorFormat:4]]
[2023.11.05-05.52.12:273][  0]LogConfig: Setting CVar [[r.DetailMode:2]]
[2023.11.05-05.52.12:273][  0]LogConfig: Setting CVar [[r.TranslucencyVolumeBlur:1]]
[2023.11.05-05.52.12:273][  0]LogConfig: Setting CVar [[r.MaterialQualityLevel:1 ; High quality]]
[2023.11.05-05.52.12:273][  0]LogConfig: Setting CVar [[r.AnisotropicMaterials:1]]
[2023.11.05-05.52.12:273][  0]LogConfig: Setting CVar [[r.SSS.Scale:1]]
[2023.11.05-05.52.12:273][  0]LogConfig: Setting CVar [[r.SSS.SampleSet:2]]
[2023.11.05-05.52.12:273][  0]LogConfig: Setting CVar [[r.SSS.Quality:1]]
[2023.11.05-05.52.12:273][  0]LogConfig: Setting CVar [[r.SSS.HalfRes:0]]
[2023.11.05-05.52.12:274][  0]LogConfig: Setting CVar [[r.SSGI.Quality:3]]
[2023.11.05-05.52.12:274][  0]LogConfig: Setting CVar [[r.EmitterSpawnRateScale:1.0]]
[2023.11.05-05.52.12:274][  0]LogConfig: Setting CVar [[r.ParticleLightQuality:2]]
[2023.11.05-05.52.12:274][  0]LogConfig: Setting CVar [[r.SkyAtmosphere.AerialPerspectiveLUT.FastApplyOnOpaque:1 ; Always have FastSkyLUT 1 in this case to avoid wrong sky]]
[2023.11.05-05.52.12:274][  0]LogConfig: Setting CVar [[r.SkyAtmosphere.AerialPerspectiveLUT.SampleCountMaxPerSlice:4]]
[2023.11.05-05.52.12:274][  0]LogConfig: Setting CVar [[r.SkyAtmosphere.AerialPerspectiveLUT.DepthResolution:16.0]]
[2023.11.05-05.52.12:274][  0]LogConfig: Setting CVar [[r.SkyAtmosphere.FastSkyLUT:1]]
[2023.11.05-05.52.12:274][  0]LogConfig: Setting CVar [[r.SkyAtmosphere.FastSkyLUT.SampleCountMin:4.0]]
[2023.11.05-05.52.12:274][  0]LogConfig: Setting CVar [[r.SkyAtmosphere.FastSkyLUT.SampleCountMax:128.0]]
[2023.11.05-05.52.12:274][  0]LogConfig: Setting CVar [[r.SkyAtmosphere.SampleCountMin:4.0]]
[2023.11.05-05.52.12:274][  0]LogConfig: Setting CVar [[r.SkyAtmosphere.SampleCountMax:128.0]]
[2023.11.05-05.52.12:274][  0]LogConfig: Setting CVar [[r.SkyAtmosphere.TransmittanceLUT.UseSmallFormat:0]]
[2023.11.05-05.52.12:274][  0]LogConfig: Setting CVar [[r.SkyAtmosphere.TransmittanceLUT.SampleCount:10.0]]
[2023.11.05-05.52.12:274][  0]LogConfig: Setting CVar [[r.SkyAtmosphere.MultiScatteringLUT.SampleCount:15.0]]
[2023.11.05-05.52.12:274][  0]LogConfig: Setting CVar [[r.SkyLight.RealTimeReflectionCapture:1]]
[2023.11.05-05.52.12:274][  0]LogConfig: Applying CVar settings from Section [FoliageQuality@3] File [D:/GDD-project/Saved/Config/Windows/Scalability.ini]
[2023.11.05-05.52.12:274][  0]LogConfig: Setting CVar [[foliage.DensityScale:1.0]]
[2023.11.05-05.52.12:274][  0]LogConfig: Setting CVar [[grass.DensityScale:1.0]]
[2023.11.05-05.52.12:274][  0]LogConfig: Applying CVar settings from Section [ShadingQuality@3] File [D:/GDD-project/Saved/Config/Windows/Scalability.ini]
[2023.11.05-05.52.12:274][  0]LogConfig: Setting CVar [[r.HairStrands.SkyLighting.IntegrationType:2]]
[2023.11.05-05.52.12:274][  0]LogConfig: Setting CVar [[r.HairStrands.SkyAO.SampleCount:4]]
[2023.11.05-05.52.12:274][  0]LogConfig: Setting CVar [[r.HairStrands.Visibility.MSAA.SamplePerPixel:4]]
[2023.11.05-05.52.12:274][  0]LogConfig: Applying CVar settings from Section [Startup] File [../../../Engine/Config/ConsoleVariables.ini]
[2023.11.05-05.52.12:274][  0]LogConfig: Setting CVar [[net.UseAdaptiveNetUpdateFrequency:0]]
[2023.11.05-05.52.12:274][  0]LogConfig: Setting CVar [[p.chaos.AllowCreatePhysxBodies:1]]
[2023.11.05-05.52.12:274][  0]LogConfig: Setting CVar [[fx.SkipVectorVMBackendOptimizations:1]]
[2023.11.05-05.52.12:274][  0]LogConfig: Applying CVar settings from Section [ConsoleVariables] File [D:/GDD-project/Saved/Config/Windows/Engine.ini]
[2023.11.05-05.52.12:274][  0]LogConfig: Applying CVar settings from Section [ConsoleVariables] File [D:/GDD-project/Saved/Config/Windows/Editor.ini]
[2023.11.05-05.52.12:274][  0]LogInit: Computer: LAPTOP-62HDIION
[2023.11.05-05.52.12:274][  0]LogInit: User: NiTRO
[2023.11.05-05.52.12:274][  0]LogInit: CPU Page size=4096, Cores=8
[2023.11.05-05.52.12:274][  0]LogInit: High frequency timer resolution =10.000000 MHz
[2023.11.05-05.52.12:274][  0]LogMemory: Memory total: Physical=15.8GB (16GB approx)
[2023.11.05-05.52.12:274][  0]LogMemory: Platform Memory Stats for Windows
[2023.11.05-05.52.12:274][  0]LogMemory: Process Physical Memory: 148.98 MB used, 148.98 MB peak
[2023.11.05-05.52.12:274][  0]LogMemory: Process Virtual Memory: 131.45 MB used, 131.45 MB peak
[2023.11.05-05.52.12:274][  0]LogMemory: Physical Memory: 10672.88 MB used,  5474.42 MB free, 16147.30 MB total
[2023.11.05-05.52.12:274][  0]LogMemory: Virtual Memory: 134207336.00 MB used,  10394.87 MB free, 134217728.00 MB total
[2023.11.05-05.52.12:278][  0]LogWindows: WindowsPlatformFeatures enabled
[2023.11.05-05.52.12:313][  0]LogInit: Physics initialised using underlying interface: PhysX
[2023.11.05-05.52.12:314][  0]LogInit: Using OS detected language (en-US).
[2023.11.05-05.52.12:314][  0]LogInit: Using OS detected locale (th-TH).
[2023.11.05-05.52.12:315][  0]LogTextLocalizationManager: No specific localization for 'en-US' exists, so the 'en' localization will be used.
[2023.11.05-05.52.12:460][  0]LogInit: Setting process to per monitor DPI aware
[2023.11.05-05.52.12:480][  0]LogWindowsTextInputMethodSystem: Display: IME system deactivated.
[2023.11.05-05.52.12:491][  0]LogSlate: New Slate User Created.  User Index 0, Is Virtual User: 0
[2023.11.05-05.52.12:491][  0]LogSlate: Slate User Registered.  User Index 0, Is Virtual User: 0
[2023.11.05-05.52.12:559][  0]LogD3D11RHI: Loaded GFSDK_Aftermath_Lib.x64.dll
[2023.11.05-05.52.12:592][  0]LogHMD: Failed to initialize OpenVR with code 110
[2023.11.05-05.52.12:592][  0]LogD3D11RHI: D3D11 min allowed feature level: 11_0
[2023.11.05-05.52.12:592][  0]LogD3D11RHI: D3D11 max allowed feature level: 11_0
[2023.11.05-05.52.12:592][  0]LogD3D11RHI: D3D11 adapters:
[2023.11.05-05.52.12:723][  0]LogD3D11RHI:    0. 'NVIDIA GeForce RTX 3050 Laptop GPU' (Feature Level 11_0)
[2023.11.05-05.52.12:723][  0]LogD3D11RHI:       3977/0/8073 MB DedicatedVideo/DedicatedSystem/SharedSystem, Outputs:1, VendorId:0x10de
[2023.11.05-05.52.12:775][  0]LogD3D11RHI:    1. 'Intel(R) UHD Graphics' (Feature Level 11_0)
[2023.11.05-05.52.12:775][  0]LogD3D11RHI:       128/0/8073 MB DedicatedVideo/DedicatedSystem/SharedSystem, Outputs:0, VendorId:0x8086
[2023.11.05-05.52.12:777][  0]LogD3D11RHI:    2. 'Microsoft Basic Render Driver' (Feature Level 11_0)
[2023.11.05-05.52.12:777][  0]LogD3D11RHI:       0/0/8073 MB DedicatedVideo/DedicatedSystem/SharedSystem, Outputs:0, VendorId:0x1414
[2023.11.05-05.52.12:777][  0]LogD3D11RHI: Chosen D3D11 Adapter:
[2023.11.05-05.52.12:777][  0]LogD3D11RHI:     Description : NVIDIA GeForce RTX 3050 Laptop GPU
[2023.11.05-05.52.12:777][  0]LogD3D11RHI:     VendorId    : 10de
[2023.11.05-05.52.12:777][  0]LogD3D11RHI:     DeviceId    : 25a2
[2023.11.05-05.52.12:777][  0]LogD3D11RHI:     SubSysId    : 153a1025
[2023.11.05-05.52.12:777][  0]LogD3D11RHI:     Revision    : 00a1
[2023.11.05-05.52.12:777][  0]LogD3D11RHI:     DedicatedVideoMemory : 4170186752 bytes
[2023.11.05-05.52.12:777][  0]LogD3D11RHI:     DedicatedSystemMemory : 0 bytes
[2023.11.05-05.52.12:777][  0]LogD3D11RHI:     SharedSystemMemory : 8465838080 bytes
[2023.11.05-05.52.12:777][  0]LogD3D11RHI:     AdapterLuid : 0 78471
[2023.11.05-05.52.12:787][  0]LogD3D11RHI: Creating new Direct3DDevice
[2023.11.05-05.52.12:787][  0]LogD3D11RHI:     GPU DeviceId: 0x25a2 (for the marketing name, search the web for "GPU Device Id")
[2023.11.05-05.52.12:787][  0]LogWindows: EnumDisplayDevices:
[2023.11.05-05.52.12:787][  0]LogWindows:    0. 'Intel(R) UHD Graphics' (P:1 D:1)
[2023.11.05-05.52.12:787][  0]LogWindows:    1. 'Intel(R) UHD Graphics' (P:0 D:0)
[2023.11.05-05.52.12:787][  0]LogWindows:    2. 'Intel(R) UHD Graphics' (P:0 D:0)
[2023.11.05-05.52.12:787][  0]LogWindows:    3. 'Intel(R) UHD Graphics' (P:0 D:0)
[2023.11.05-05.52.12:788][  0]LogWindows:    4. 'NVIDIA GeForce RTX 3050 Laptop GPU' (P:0 D:0)
[2023.11.05-05.52.12:788][  0]LogWindows: DebugString: PrimaryIsNotTheChoosenAdapter PrimaryIsNotTheChoosenAdapter PrimaryIsNotTheChoosenAdapter PrimaryIsNotTheChoosenAdapter 
[2023.11.05-05.52.12:788][  0]LogD3D11RHI:     Adapter Name: NVIDIA GeForce RTX 3050 Laptop GPU
[2023.11.05-05.52.12:788][  0]LogD3D11RHI:   Driver Version: 545.84 (internal:31.0.15.4584, unified:545.84)
[2023.11.05-05.52.12:788][  0]LogD3D11RHI:      Driver Date: 10-11-2023
[2023.11.05-05.52.12:788][  0]LogRHI: Texture pool is 2783 MB (70% of 3977 MB)
[2023.11.05-05.52.12:788][  0]LogD3D11RHI: Creating D3DDevice using adapter:
[2023.11.05-05.52.12:788][  0]LogD3D11RHI:     Description : NVIDIA GeForce RTX 3050 Laptop GPU
[2023.11.05-05.52.12:788][  0]LogD3D11RHI:     VendorId    : 10de
[2023.11.05-05.52.12:788][  0]LogD3D11RHI:     DeviceId    : 25a2
[2023.11.05-05.52.12:788][  0]LogD3D11RHI:     SubSysId    : 153a1025
[2023.11.05-05.52.12:788][  0]LogD3D11RHI:     Revision    : 00a1
[2023.11.05-05.52.12:788][  0]LogD3D11RHI:     DedicatedVideoMemory : 4170186752 bytes
[2023.11.05-05.52.12:788][  0]LogD3D11RHI:     DedicatedSystemMemory : 0 bytes
[2023.11.05-05.52.12:788][  0]LogD3D11RHI:     SharedSystemMemory : 8465838080 bytes
[2023.11.05-05.52.12:788][  0]LogD3D11RHI:     AdapterLuid : 0 78471
[2023.11.05-05.52.12:874][  0]LogD3D11RHI: RHI has support for 64 bit atomics
[2023.11.05-05.52.12:875][  0]LogD3D11RHI: Async texture creation enabled
[2023.11.05-05.52.12:875][  0]LogD3D11RHI: Array index from any shader is supported
[2023.11.05-05.52.12:890][  0]LogD3D11RHI: GPU Timing Frequency: 1000.000000 (Debug: 2 1)
[2023.11.05-05.52.12:912][  0]LogRHI: GeForceNow SDK initialized: 1
[2023.11.05-05.52.13:148][  0]LogTargetPlatformManager: Display: Loaded TargetPlatform 'AllDesktop'
[2023.11.05-05.52.13:163][  0]LogTargetPlatformManager: Display: Loaded TargetPlatform 'Android'
[2023.11.05-05.52.13:163][  0]LogTargetPlatformManager: Display: Loaded TargetPlatform 'Android_ASTC'
[2023.11.05-05.52.13:163][  0]LogTargetPlatformManager: Display: Loaded TargetPlatform 'Android_DXT'
[2023.11.05-05.52.13:163][  0]LogTargetPlatformManager: Display: Loaded TargetPlatform 'Android_ETC2'
[2023.11.05-05.52.13:163][  0]LogTargetPlatformManager: Display: Loaded TargetPlatform 'AndroidClient'
[2023.11.05-05.52.13:163][  0]LogTargetPlatformManager: Display: Loaded TargetPlatform 'Android_ASTCClient'
[2023.11.05-05.52.13:163][  0]LogTargetPlatformManager: Display: Loaded TargetPlatform 'Android_DXTClient'
[2023.11.05-05.52.13:163][  0]LogTargetPlatformManager: Display: Loaded TargetPlatform 'Android_ETC2Client'
[2023.11.05-05.52.13:163][  0]LogTargetPlatformManager: Display: Loaded TargetPlatform 'Android_Multi'
[2023.11.05-05.52.13:163][  0]LogTargetPlatformManager: Display: Loaded TargetPlatform 'Android_MultiClient'
[2023.11.05-05.52.13:178][  0]LogTargetPlatformManager: Display: Loaded TargetPlatform 'IOSClient'
[2023.11.05-05.52.13:178][  0]LogTargetPlatformManager: Display: Loaded TargetPlatform 'IOS'
[2023.11.05-05.52.13:184][  0]LogTargetPlatformManager: Display: Loaded TargetPlatform 'Linux'
[2023.11.05-05.52.13:188][  0]LogTargetPlatformManager: Display: Loaded TargetPlatform 'LinuxNoEditor'
[2023.11.05-05.52.13:192][  0]LogTargetPlatformManager: Display: Loaded TargetPlatform 'LinuxClient'
[2023.11.05-05.52.13:196][  0]LogTargetPlatformManager: Display: Loaded TargetPlatform 'LinuxServer'
[2023.11.05-05.52.13:202][  0]LogTargetPlatformManager: Display: Loaded TargetPlatform 'LinuxAArch64NoEditor'
[2023.11.05-05.52.13:206][  0]LogTargetPlatformManager: Display: Loaded TargetPlatform 'LinuxAArch64Client'
[2023.11.05-05.52.13:209][  0]LogTargetPlatformManager: Display: Loaded TargetPlatform 'LinuxAArch64Server'
[2023.11.05-05.52.13:225][  0]LogTargetPlatformManager: Display: Loaded TargetPlatform 'Lumin'
[2023.11.05-05.52.13:225][  0]LogTargetPlatformManager: Display: Loaded TargetPlatform 'LuminClient'
[2023.11.05-05.52.13:231][  0]LogTargetPlatformManager: Display: Loaded TargetPlatform 'MacNoEditor'
[2023.11.05-05.52.13:234][  0]LogTargetPlatformManager: Display: Loaded TargetPlatform 'Mac'
[2023.11.05-05.52.13:238][  0]LogTargetPlatformManager: Display: Loaded TargetPlatform 'MacClient'
[2023.11.05-05.52.13:241][  0]LogTargetPlatformManager: Display: Loaded TargetPlatform 'MacServer'
[2023.11.05-05.52.13:248][  0]LogTargetPlatformManager: Display: Loaded TargetPlatform 'TVOSClient'
[2023.11.05-05.52.13:248][  0]LogTargetPlatformManager: Display: Loaded TargetPlatform 'TVOS'
[2023.11.05-05.52.13:254][  0]LogTargetPlatformManager: Display: Loaded TargetPlatform 'WindowsNoEditor'
[2023.11.05-05.52.13:259][  0]LogTargetPlatformManager: Display: Loaded TargetPlatform 'Windows'
[2023.11.05-05.52.13:262][  0]LogTargetPlatformManager: Display: Loaded TargetPlatform 'WindowsClient'
[2023.11.05-05.52.13:266][  0]LogTargetPlatformManager: Display: Loaded TargetPlatform 'WindowsServer'
[2023.11.05-05.52.13:266][  0]LogTargetPlatformManager: Display: Building Assets For Windows
[2023.11.05-05.52.13:272][  0]LogAudioDebug: Display: Lib vorbis DLL was dynamically loaded.
[2023.11.05-05.52.13:294][  0]LogTextureFormatOodle: Display: Oodle Texture 2.9.0 init RDO Off
[2023.11.05-05.52.13:321][  0]LogRendererCore: Ray tracing is disabled. Reason: r.RayTracing=0.
[2023.11.05-05.52.13:321][  0]LogShaderCompilers: Guid format shader working directory is 23 characters bigger than the processId version (../../../../GDD-project/Intermediate/Shaders/WorkingDirectory/7244/).
[2023.11.05-05.52.13:321][  0]LogShaderCompilers: Cleaned the shader compiler working directory 'C:/Users/NiTRO/AppData/Local/Temp/UnrealShaderWorkingDir/FE5C9A4B4A6EFD601B9F139DBA064D6D/'.
[2023.11.05-05.52.13:321][  0]LogXGEController: Cannot use XGE Controller as Incredibuild is not installed on this machine.
[2023.11.05-05.52.13:321][  0]LogShaderCompilers: Cannot use XGE Shader Compiler as Incredibuild is not installed on this machine.
[2023.11.05-05.52.13:321][  0]LogShaderCompilers: Display: Using Local Shader Compiler.
[2023.11.05-05.52.13:909][  0]LogDerivedDataCache: Display: Max Cache Size: 512 MB
[2023.11.05-05.52.13:961][  0]LogDerivedDataCache: Loaded boot cache 0.05s 94MB C:/Users/NiTRO/AppData/Local/UnrealEngine/4.27/DerivedDataCache/Boot.ddc.
[2023.11.05-05.52.13:961][  0]LogDerivedDataCache: Display: Loaded Boot cache: C:/Users/NiTRO/AppData/Local/UnrealEngine/4.27/DerivedDataCache/Boot.ddc
[2023.11.05-05.52.13:961][  0]LogDerivedDataCache: FDerivedDataBackendGraph:  Pak pak cache file ../../../../GDD-project/DerivedDataCache/DDC.ddp not found, will not use a pak cache.
[2023.11.05-05.52.13:961][  0]LogDerivedDataCache: Unable to find inner node Pak for hierarchical cache Hierarchy.
[2023.11.05-05.52.13:961][  0]LogDerivedDataCache: FDerivedDataBackendGraph:  CompressedPak pak cache file ../../../../GDD-project/DerivedDataCache/Compressed.ddp not found, will not use a pak cache.
[2023.11.05-05.52.13:961][  0]LogDerivedDataCache: Unable to find inner node CompressedPak for hierarchical cache Hierarchy.
[2023.11.05-05.52.13:975][  0]LogDerivedDataCache: Display: Pak cache opened for reading ../../../Engine/DerivedDataCache/Compressed.ddp.
[2023.11.05-05.52.13:975][  0]LogDerivedDataCache: FDerivedDataBackendGraph:  EnterprisePak pak cache file ../../../Enterprise/DerivedDataCache/Compressed.ddp not found, will not use a pak cache.
[2023.11.05-05.52.13:975][  0]LogDerivedDataCache: Unable to find inner node EnterprisePak for hierarchical cache Hierarchy.
[2023.11.05-05.52.13:980][  0]LogDerivedDataCache: Speed tests for C:/Users/NiTRO/AppData/Local/UnrealEngine/Common/DerivedDataCache took 0.01 seconds
[2023.11.05-05.52.13:980][  0]LogDerivedDataCache: Display: Performance to C:/Users/NiTRO/AppData/Local/UnrealEngine/Common/DerivedDataCache: Latency=0.02ms. RandomReadSpeed=2298.36MBs, RandomWriteSpeed=210.77MBs. Assigned SpeedClass 'Local'
[2023.11.05-05.52.13:981][  0]LogDerivedDataCache: Using Local data cache path C:/Users/NiTRO/AppData/Local/UnrealEngine/Common/DerivedDataCache: Writable
[2023.11.05-05.52.13:981][  0]LogDerivedDataCache: Shared data cache path not found in *engine.ini, will not use an Shared cache.
[2023.11.05-05.52.13:981][  0]LogDerivedDataCache: Unable to find inner node Shared for hierarchical cache Hierarchy.
[2023.11.05-05.52.14:017][  0]LogSlate: Using FreeType 2.10.0
[2023.11.05-05.52.14:017][  0]LogSlate: SlateFontServices - WITH_FREETYPE: 1, WITH_HARFBUZZ: 1
[2023.11.05-05.52.14:036][  0]LogAssetRegistry: FAssetRegistry took 0.0025 seconds to start up
[2023.11.05-05.52.14:215][  0]LogInit: Selected Device Profile: [Windows]
[2023.11.05-05.52.14:215][  0]LogInit: Active device profile: [0000021A39277F00][0000021A390E8E40 49] Windows
[2023.11.05-05.52.14:215][  0]LogInit: Profiles: [0000021A39277F00][0000021A390E8E40 49] Windows, [0000021A39293F00][0000021A390F0FC0 49] WindowsNoEditor, [0000021A39274500][0000021A390F5140 49] WindowsServer, [0000021A39290600][0000021A390F92C0 49] WindowsClient, [0000021A39277D00][0000021A390FD440 49] IOS, [0000021A39290100][0000021A391015C0 49] iPadAir, [0000021A39274200][0000021A39105740 49] iPadAir2, [0000021A3920D200][0000021A3910DA00 49] IPadPro, [0000021A3920D300][0000021A39109A40 49] iPadAir3, [0000021A39277B00][0000021A39111BC0 49] iPadAir4, [0000021A3920C700][0000021A391141C0 49] iPadMini2, [0000021A39274400][0000021A39118340 49] iPadMini3, [0000021A3920D700][0000021A3911C4C0 49] iPadMini4, [0000021A39277A00][0000021A390EC600 49] iPadMini5, [0000021A39291300][0000021A39124840 49] iPhone6, [0000021A39291400][0000021A39120880 49] iPodTouch6, [0000021A3920FB00][0000021A39130B00 49] iPhone7, [0000021A3920FA00][0000021A39128B40 49] iPodTouch7, [0000021A39290900][0000021A39134CC0 49] iPhone5S, [0000021A3920CC00][0000021A39138E40 49] iPhone6Plus, [0000021A39291800][0000021A3913CFC0 49] iPhone6S, [0000021A3920F800][0000021A39141140 49] iPhone6SPlus, [0000021A39290C00][0000021A391452C0 49] iPhone7Plus, [0000021A3920D100][0000021A39149440 49] iPhoneSE, [0000021A39291A00][0000021A3914D5C0 49] iPhone8, [0000021A3920F600][0000021A39151740 49] iPhone8Plus, [0000021A39290300][0000021A391558C0 49] iPhoneX, [0000021A3920C200][0000021A39159A40 49] iPhoneXS, [0000021A39291E00][0000021A3915DBC0 49] iPhoneXSMax, [0000021A3920F100][0000021A391601C0 49] iPhoneXR, [0000021A39293900][0000021A39164340 49] iPhone11, [0000021A3920D900][0000021A391684C0 49] iPhone11Pro, [0000021A39292200][0000021A3916C640 49] iPhone11ProMax, [0000021A3920ED00][0000021A3912C780 49] iPhoneSE2, [0000021A39293B00][0000021A391708C0 49] iPhone12Mini, [0000021A3920DB00][0000021A39174A00 49] iPhone12, [0000021A39292600][0000021A39178B40 49] iPhone12Pro, [0000021A3920C500][0000021A39180CC0 49] iPhone12ProMax, [0000021A39293500][0000021A39184E40 49] iPadPro105, [0000021A3920DF00][0000021A39188FC0 49] iPadPro129, [0000021A39291200][0000021A3918D140 49] iPadPro97, [0000021A3920D000][0000021A3A1A12C0 49] iPadPro2_129, [0000021A39292D00][0000021A3A1A5440 49] iPad5, [0000021A3920FC00][0000021A3A2155C0 49] iPad6, [0000021A39291100][0000021A3A219740 49] iPad7, [0000021A3920C900][0000021A3A2218C0 49] iPad8, [0000021A39292B00][0000021A3A2ABA40 49] iPadPro11, [0000021A3920E200][0000021A3A2CBBC0 49] iPadPro2_11, [0000021A39292900][0000021A3A35C1C0 49] iPadPro3_129, [0000021A3920E600][0000021A3A378340 49] iPadPro4_129, [0000021A39292F00][0000021A3A41A4C0 49] AppleTV, [0000021A3920E500][0000021A3A41E640 49] AppleTV4K, [0000021A39291600][0000021A3A4D27C0 49] TVOS, [0000021A3920F400][0000021A3A4D6940 49] Mac, [0000021A39292700][0000021A3917CA80 49] MacClient, [0000021A3920EE00][0000021A38DF6BC0 49] MacNoEditor, [0000021A39290E00][0000021A38E02D00 49] MacServer, [0000021A3920FF00][0000021A38E12E80 49] Linux, [0000021A39291700][0000021A38E17000 49] LinuxAArch64, [0000021A3920F900][0000021A38E1B180 49] LinuxNoEditor, [0000021A39290800][0000021A38E1F300 49] LinuxAArch64NoEditor, [0000021A3920FD00][0000021A38E23480 49] LinuxClient, [0000021A39292C00][0000021A38E27600 49] LinuxAArch64Client, [0000021A3920DC00][0000021A38E2B780 49] LinuxServer, [0000021A39291F00][0000021A38E2F900 49] LinuxAArch64Server, [0000021A3920E900][0000021A2F01FA80 49] Android, [0000021A39291B00][0000021A2F023C00 49] Android_Low, [0000021A3920E400][0000021A2F02A200 49] Android_Mid, [0000021A39293800][0000021A2F02E380 49] Android_High, [0000021A3920EF00][0000021A2F050500 49] Android_Default, [0000021A39290D00][0000021A2F054680 49] Android_Adreno4xx, [0000021A39274600][0000021A2F05C800 49] Android_Adreno5xx_Low, [0000021A392EE900][0000021A2F068980 49] Android_Adreno5xx, [0000021A39274C00][0000021A3B19EB00 49] Android_Adreno6xx, [0000021A392EC600][0000021A38E0EC40 49] Android_Adreno6xx_Vulkan, [0000021A39275500][0000021A3A1D0D80 49] Android_Mali_T6xx, [0000021A392ED200][0000021A3A1D4EC0 49] Android_Mali_T7xx, [0000021A39276A00][0000021A3A1DD040 49] Android_Mali_T8xx, [0000021A392EE200][0000021A3A1E11C0 49] Android_Mali_G71, [0000021A39275900][0000021A3A1E9340 49] Android_Mali_G72, [0000021A392ECB00][0000021A3A1ED4C0 49] Android_Mali_G72_Vulkan, [0000021A39276400][0000021A3A205640 49] Android_Mali_G76, [0000021A392EDF00][0000021A3A2097C0 49] Android_Mali_G76_Vulkan, [0000021A39274900][0000021A3A20D940 49] Android_Mali_G77, [0000021A392EC900][0000021A3A211AC0 49] Android_Mali_G77_Vulkan, [0000021A39274100][0000021A3A28E0C0 49] Android_Mali_G78, [0000021A392EE500][0000021A3A296240 49] Android_Mali_G78_Vulkan, [0000021A39276D00][0000021A3A2A23C0 49] Android_Mali_G710, [0000021A392ED800][0000021A3ADB2540 49] Android_Mali_G710_Vulkan, [0000021A39275F00][0000021A3A2CE6C0 49] Android_Vulkan_SM5, [0000021A392EC200][0000021A3A2D2840 49] Android_PowerVR_G6xxx, [0000021A39275D00][0000021A3A3109C0 49] Android_PowerVR_GT7xxx, [0000021A392EC100][0000021A3A314B40 49] Android_PowerVR_GE8xxx, [0000021A39293100][0000021A3A338CC0 49] Android_PowerVR_GM9xxx, [0000021A392EC300][0000021A3A1D8E00 49] Android_PowerVR_GM9xxx_Vulkan, [0000021A39292A00][0000021A3A292F40 49] Android_TegraK1, [0000021A392ED700][0000021A3A33D080 49] Android_Unknown_Vulkan, [0000021A39292100][0000021A3A3411C0 49] Lumin, [0000021A392ED300][0000021A3A595340 49] Lumin_Desktop, [0000021A39290F00][0000021A3A5994C0 49] HoloLens, 
[2023.11.05-05.52.14:318][  0]LogMeshReduction: Using QuadricMeshReduction for automatic static mesh reduction
[2023.11.05-05.52.14:318][  0]LogMeshReduction: Using SimplygonMeshReduction for automatic skeletal mesh reduction
[2023.11.05-05.52.14:318][  0]LogMeshReduction: Using ProxyLODMeshReduction for automatic mesh merging
[2023.11.05-05.52.14:318][  0]LogMeshReduction: No distributed automatic mesh merging module available
[2023.11.05-05.52.14:318][  0]LogMeshMerging: No distributed automatic mesh merging module available
[2023.11.05-05.52.14:330][  0]LogNetVersion: GDD_Project 1.0.0, NetCL: 17155196, EngineNetVer: 17, GameNetVer: 0 (Checksum: 1491781466)
[2023.11.05-05.52.14:597][  0]LogTexture: Default maximum texture size for cubemaps generated from long-lat sources has been changed from 512 to unlimited. In order to preserve old behaiour for '/Engine/MapTemplates/Sky/DaylightAmbientCubemap.DaylightAmbientCubemap', its maximum texture size has been explicitly set to 512.
[2023.11.05-05.52.14:639][  0]LogHMD: PokeAHoleMaterial loaded successfully
[2023.11.05-05.52.14:644][  0]LogUObjectArray: 17178 objects as part of root set at end of initial load.
[2023.11.05-05.52.14:644][  0]LogUObjectAllocator: 4302048 out of 0 bytes used by permanent object pool.
[2023.11.05-05.52.14:644][  0]LogUObjectArray: CloseDisregardForGC: 0/0 objects in disregard for GC pool
[2023.11.05-05.52.14:829][  0]LogPython: Using Python 3.7.7
[2023.11.05-05.52.15:189][  0]LogNiagaraDebuggerClient: Niagara Debugger Client Initialized | Session: CC71CF5447000BDA484A16B94013046F | Instance: DF519D4D4D3759223AC4D3AFE75F1A48 (LAPTOP-62HDIION-7244).
[2023.11.05-05.52.15:306][  0]LogTcpMessaging: Initializing TcpMessaging bridge
[2023.11.05-05.52.15:310][  0]LogUdpMessaging: Initializing bridge on interface 0.0.0.0:0 to multicast group 230.0.0.1:6666.
[2023.11.05-05.52.15:421][  0]SourceControl: Source control is disabled
[2023.11.05-05.52.15:421][  0]SourceControl: Source control is disabled
[2023.11.05-05.52.15:423][  0]SourceControl: Source control is disabled
[2023.11.05-05.52.15:427][  0]SourceControl: Source control is disabled
[2023.11.05-05.52.15:429][  0]SourceControl: Source control is disabled
[2023.11.05-05.52.15:431][  0]LogUProjectInfo: Found projects:
[2023.11.05-05.52.15:437][  0]LogVSAccessor: Display: Unable to create Visual Studio setup instance: 80040154
[2023.11.05-05.52.15:438][  0]LogVSAccessor: Display: Unable to create Visual Studio setup instance: 80040154
[2023.11.05-05.52.15:439][  0]LogVSAccessor: Display: Unable to create Visual Studio setup instance: 80040154
[2023.11.05-05.52.15:576][  0]LogOpenImageDenoise: OIDN starting up
[2023.11.05-05.52.15:613][  0]LogAndroidPermission: UAndroidPermissionCallbackProxy::GetInstance
[2023.11.05-05.52.15:629][  0]LogAudioCaptureCore: Display: No Audio Capture implementations found. Audio input will be silent.
[2023.11.05-05.52.15:629][  0]LogAudioCaptureCore: Display: No Audio Capture implementations found. Audio input will be silent.
[2023.11.05-05.52.15:721][  0]LogCollectionManager: Loaded 0 collections in 0.000572 seconds
[2023.11.05-05.52.15:740][  0]LogFileCache: Scanning file cache for directory 'D:/GDD-project/Saved/Collections/' took 0.00s
[2023.11.05-05.52.15:740][  0]LogFileCache: Scanning file cache for directory 'D:/GDD-project/Content/Developers/NiTRO/Collections/' took 0.00s
[2023.11.05-05.52.15:740][  0]LogFileCache: Scanning file cache for directory 'D:/GDD-project/Content/Collections/' took 0.00s
[2023.11.05-05.52.15:740][  0]LogOcInput: OculusInput pre-init called
[2023.11.05-05.52.15:910][  0]LogEngine: Initializing Engine...
[2023.11.05-05.52.15:911][  0]LogHMD: Failed to enumerate extensions. Please check that you have a valid OpenXR runtime installed.
[2023.11.05-05.52.15:912][  0]LogHMD: Failed to initialize OpenVR with code 110
[2023.11.05-05.52.15:912][  0]LogMagicLeap: Warning: VR disabled because ZI is not enabled.  To enable, in the editor, Edit -> Project Settings -> Plugins -> Magic Leap Plugin -> Enable Zero Iteration
[2023.11.05-05.52.15:912][  0]LogStats: UGameplayTagsManager::InitializeManager -  0.000 s
[2023.11.05-05.52.16:011][  0]LogInit: Initializing FReadOnlyCVARCache
[2023.11.05-05.52.16:017][  0]LogAIModule: Creating AISystem for world Untitled
[2023.11.05-05.52.16:017][  0]LogAudio: Display: Initializing Audio Device Manager...
[2023.11.05-05.52.16:019][  0]LogAudio: Display: Loading Default Audio Settings Objects...
[2023.11.05-05.52.16:020][  0]LogAudio: Display: No default SoundConcurrencyObject specified (or failed to load).
[2023.11.05-05.52.16:020][  0]LogAudio: Display: Audio Device Manager Initialized
[2023.11.05-05.52.16:020][  0]LogAudio: Display: Creating Audio Device:                 Id: 1, Scope: Shared, Realtime: True
[2023.11.05-05.52.16:020][  0]LogAudioMixer: Display: Audio Mixer Platform Settings:
[2023.11.05-05.52.16:020][  0]LogAudioMixer: Display: 	Sample Rate:						  48000
[2023.11.05-05.52.16:020][  0]LogAudioMixer: Display: 	Callback Buffer Frame Size Requested: 1024
[2023.11.05-05.52.16:020][  0]LogAudioMixer: Display: 	Callback Buffer Frame Size To Use:	  1024
[2023.11.05-05.52.16:020][  0]LogAudioMixer: Display: 	Number of buffers to queue:			  2
[2023.11.05-05.52.16:020][  0]LogAudioMixer: Display: 	Max Channels (voices):				  32
[2023.11.05-05.52.16:020][  0]LogAudioMixer: Display: 	Number of Async Source Workers:		  0
[2023.11.05-05.52.16:020][  0]LogAudio: Display: AudioDevice MaxSources: 32
[2023.11.05-05.52.16:020][  0]LogAudio: Display: Audio Spatialization Plugin: None (built-in).
[2023.11.05-05.52.16:020][  0]LogAudio: Display: Audio Reverb Plugin: None (built-in).
[2023.11.05-05.52.16:020][  0]LogAudio: Display: Audio Occlusion Plugin: None (built-in).
[2023.11.05-05.52.16:020][  0]LogAudioMixer: Display: Initializing audio mixer.
[2023.11.05-05.52.16:030][  0]LogAudioMixer: Display: 0: FrontLeft
[2023.11.05-05.52.16:030][  0]LogAudioMixer: Display: 1: FrontRight
[2023.11.05-05.52.16:160][  0]LogAudioMixer: Display: Using Audio Device Headphones (HyperX Cloud III)
[2023.11.05-05.52.16:163][  0]LogAudioMixer: Display: Initializing Sound Submixes...
[2023.11.05-05.52.16:165][  0]LogAudioMixer: Display: Creating Master Submix 'MasterSubmixDefault'
[2023.11.05-05.52.16:165][  0]LogAudioMixer: Display: Creating Master Submix 'MasterReverbSubmixDefault'
[2023.11.05-05.52.16:166][  0]LogAudioMixer: Display: Creating Master Submix 'MasterEQSubmixDefault'
[2023.11.05-05.52.16:166][  0]LogAudioMixer: FMixerPlatformXAudio2::StartAudioStream() called
[2023.11.05-05.52.16:166][  0]LogAudioMixer: Display: Output buffers initialized: Frames=1024, Channels=2, Samples=2048
[2023.11.05-05.52.16:168][  0]LogAudioMixer: Display: Starting AudioMixerPlatformInterface::RunInternal()
[2023.11.05-05.52.16:168][  0]LogAudioMixer: Display: FMixerPlatformXAudio2::SubmitBuffer() called for the first time
[2023.11.05-05.52.16:168][  0]LogInit: FAudioDevice initialized.
[2023.11.05-05.52.16:168][  0]LogAudio: Display: Audio Device (ID: 1) registered with world 'Untitled'.
[2023.11.05-05.52.16:168][  0]LogNetVersion: Set ProjectVersion to 1.0.0.0. Version Checksum will be recalculated on next use.
[2023.11.05-05.52.16:217][  0]LogDerivedDataCache: Saved boot cache 0.05s 94MB C:/Users/NiTRO/AppData/Local/UnrealEngine/4.27/DerivedDataCache/Boot.ddc.
[2023.11.05-05.52.16:217][  0]LogInit: Texture streaming: Enabled
[2023.11.05-05.52.16:227][  0]LogAnalytics: Display: [UEEditor.Rocket.Release] APIServer = https://datarouter.ol.epicgames.com/. AppVersion = 4.27.2-18319896+++UE4+Release-4.27
[2023.11.05-05.52.16:230][  0]LogEngineSessionManager: EngineSessionManager initialized
[2023.11.05-05.52.16:230][  0]LogEditorSessionSummary: Verbose: Initializing EditorSessionSummaryWriter for editor session tracking
[2023.11.05-05.52.16:231][  0]LogEditorSessionSummary: EditorSessionSummaryWriter initialized
[2023.11.05-05.52.16:251][  0]LogInit: Transaction tracking system initialized
[2023.11.05-05.52.16:270][  0]BlueprintLog: New page: Editor Load
[2023.11.05-05.52.16:311][  0]LocalizationService: Localization service is disabled
[2023.11.05-05.52.16:327][  0]TimingProfiler: Initialize
[2023.11.05-05.52.16:328][  0]TimingProfiler: OnSessionChanged
[2023.11.05-05.52.16:328][  0]LoadingProfiler: Initialize
[2023.11.05-05.52.16:328][  0]LoadingProfiler: OnSessionChanged
[2023.11.05-05.52.16:328][  0]NetworkingProfiler: Initialize
[2023.11.05-05.52.16:328][  0]NetworkingProfiler: OnSessionChanged
[2023.11.05-05.52.16:328][  0]MemoryProfiler: Initialize
[2023.11.05-05.52.16:328][  0]MemoryProfiler: OnSessionChanged
[2023.11.05-05.52.16:366][  0]LogVSAccessor: Display: Unable to create Visual Studio setup instance: 80040154
[2023.11.05-05.52.16:366][  0]LogVSAccessor: Display: Unable to create Visual Studio setup instance: 80040154
[2023.11.05-05.52.16:367][  0]LogVSAccessor: Display: Unable to create Visual Studio setup instance: 80040154
[2023.11.05-05.52.16:424][  0]LogCook: Display: CookSettings for Memory: MemoryMaxUsedVirtual 0MiB, MemoryMaxUsedPhysical 16384MiB, MemoryMinFreeVirtual 0MiB, MemoryMinFreePhysical 1024MiB
[2023.11.05-05.52.16:425][  0]LogCook: Display: Mobile HDR setting 1
[2023.11.05-05.52.16:566][  0]LogFileCache: Scanning file cache for directory 'D:/GDD-project/Content/' took 0.01s
[2023.11.05-05.52.16:691][  0]LogInit: Display: Engine is initialized. Leaving FEngineLoop::Init()
[2023.11.05-05.52.16:694][  0]SourceControl: Source control is disabled
[2023.11.05-05.52.16:694][  0]LogUnrealEdMisc: Loading editor; pre map load, took 5.102
[2023.11.05-05.52.16:694][  0]Cmd: MAP LOAD FILE="../../../../GDD-project/Content/SideScrollerBP/Maps/SideScrollerExampleMap.umap" TEMPLATE=0 SHOWPROGRESS=1 FEATURELEVEL=3
[2023.11.05-05.52.16:694][  0]LogEditorServer: Warning: Can't find file '../../../../GDD-project/Content/SideScrollerBP/Maps/SideScrollerExampleMap.umap'
[2023.11.05-05.52.16:694][  0]Cmd: MAP CHECKDEP NOCLEARLOG
[2023.11.05-05.52.16:694][  0]MapCheck: Map check complete: 0 Error(s), 0 Warning(s), took 0.077ms to complete.
[2023.11.05-05.52.16:694][  0]LogFileHelpers: Loading map 'SideScrollerExampleMap' took 0.000
[2023.11.05-05.52.16:695][  0]LogUnrealEdMisc: Total Editor Startup Time, took 5.104
[2023.11.05-05.52.16:796][  0]LogSlate: Updating window title bar state: overlay mode, drag disabled, window buttons hidden, title bar hidden
[2023.11.05-05.52.16:801][  0]LogSlate: Updating window title bar state: overlay mode, drag disabled, window buttons hidden, title bar hidden
[2023.11.05-05.52.16:807][  0]LogSlate: Updating window title bar state: overlay mode, drag disabled, window buttons hidden, title bar hidden
[2023.11.05-05.52.16:811][  0]LogSlate: Updating window title bar state: overlay mode, drag disabled, window buttons hidden, title bar hidden
[2023.11.05-05.52.16:822][  0]LogNativeClassHierarchy: Verbose: Native class hierarchy populated in 0.0077 seconds. Added 3822 classes and 928 folders.
[2023.11.05-05.52.16:825][  0]LogNativeClassHierarchy: Verbose: Native class hierarchy updated for 'WidgetCarousel' in 0.0002 seconds. Added 0 classes and 0 folders.
[2023.11.05-05.52.16:825][  0]LogPakFile: PakFile PrimaryIndexSize=187
[2023.11.05-05.52.16:825][  0]LogPakFile: PakFile PathHashIndexSize=101
[2023.11.05-05.52.16:825][  0]LogPakFile: PakFile FullDirectoryIndexSize=148
[2023.11.05-05.52.16:825][  0]LogShaderLibrary: Display: ShaderCodeLibraryPakFileMountedCallback: PakFile 'D:/UE_4.27/FeaturePacks/FP_FirstPerson.upack' (chunk index -1, root 'root:/') mounted
[2023.11.05-05.52.16:825][  0]LogShaderLibrary: Display: ShaderCodeLibraryPakFileMountedCallback: pending pak file info (ChunkID:-1 Root:root:/ File:D:/UE_4.27/FeaturePacks/FP_FirstPerson.upack)
[2023.11.05-05.52.16:825][  0]LogPakFile: OnPakFileMounted2Time == 0.000048
[2023.11.05-05.52.16:827][  0]LogPakFile: PakFile PrimaryIndexSize=189
[2023.11.05-05.52.16:827][  0]LogPakFile: PakFile PathHashIndexSize=101
[2023.11.05-05.52.16:827][  0]LogPakFile: PakFile FullDirectoryIndexSize=152
[2023.11.05-05.52.16:827][  0]LogShaderLibrary: Display: ShaderCodeLibraryPakFileMountedCallback: PakFile 'D:/UE_4.27/FeaturePacks/FP_FirstPersonBP.upack' (chunk index -1, root 'root:/') mounted
[2023.11.05-05.52.16:827][  0]LogShaderLibrary: Display: ShaderCodeLibraryPakFileMountedCallback: pending pak file info (ChunkID:-1 Root:root:/ File:D:/UE_4.27/FeaturePacks/FP_FirstPersonBP.upack)
[2023.11.05-05.52.16:827][  0]LogPakFile: OnPakFileMounted2Time == 0.000027
[2023.11.05-05.52.16:827][  0]LogPakFile: PakFile PrimaryIndexSize=191
[2023.11.05-05.52.16:827][  0]LogPakFile: PakFile PathHashIndexSize=101
[2023.11.05-05.52.16:827][  0]LogPakFile: PakFile FullDirectoryIndexSize=160
[2023.11.05-05.52.16:827][  0]LogShaderLibrary: Display: ShaderCodeLibraryPakFileMountedCallback: PakFile 'D:/UE_4.27/FeaturePacks/MobileStarterContent.upack' (chunk index -1, root 'root:/') mounted
[2023.11.05-05.52.16:827][  0]LogShaderLibrary: Display: ShaderCodeLibraryPakFileMountedCallback: pending pak file info (ChunkID:-1 Root:root:/ File:D:/UE_4.27/FeaturePacks/MobileStarterContent.upack)
[2023.11.05-05.52.16:827][  0]LogPakFile: OnPakFileMounted2Time == 0.000029
[2023.11.05-05.52.16:827][  0]LogPakFile: PakFile PrimaryIndexSize=185
[2023.11.05-05.52.16:827][  0]LogPakFile: PakFile PathHashIndexSize=101
[2023.11.05-05.52.16:827][  0]LogPakFile: PakFile FullDirectoryIndexSize=148
[2023.11.05-05.52.16:827][  0]LogShaderLibrary: Display: ShaderCodeLibraryPakFileMountedCallback: PakFile 'D:/UE_4.27/FeaturePacks/StarterContent.upack' (chunk index -1, root 'root:/') mounted
[2023.11.05-05.52.16:827][  0]LogShaderLibrary: Display: ShaderCodeLibraryPakFileMountedCallback: pending pak file info (ChunkID:-1 Root:root:/ File:D:/UE_4.27/FeaturePacks/StarterContent.upack)
[2023.11.05-05.52.16:827][  0]LogPakFile: OnPakFileMounted2Time == 0.000029
[2023.11.05-05.52.16:828][  0]LogPakFile: PakFile PrimaryIndexSize=190
[2023.11.05-05.52.16:828][  0]LogPakFile: PakFile PathHashIndexSize=101
[2023.11.05-05.52.16:828][  0]LogPakFile: PakFile FullDirectoryIndexSize=154
[2023.11.05-05.52.16:828][  0]LogShaderLibrary: Display: ShaderCodeLibraryPakFileMountedCallback: PakFile 'D:/UE_4.27/FeaturePacks/TP_2DSideScroller.upack' (chunk index -1, root 'root:/') mounted
[2023.11.05-05.52.16:828][  0]LogShaderLibrary: Display: ShaderCodeLibraryPakFileMountedCallback: pending pak file info (ChunkID:-1 Root:root:/ File:D:/UE_4.27/FeaturePacks/TP_2DSideScroller.upack)
[2023.11.05-05.52.16:828][  0]LogPakFile: OnPakFileMounted2Time == 0.000023
[2023.11.05-05.52.16:828][  0]LogPakFile: PakFile PrimaryIndexSize=192
[2023.11.05-05.52.16:828][  0]LogPakFile: PakFile PathHashIndexSize=101
[2023.11.05-05.52.16:828][  0]LogPakFile: PakFile FullDirectoryIndexSize=158
[2023.11.05-05.52.16:828][  0]LogShaderLibrary: Display: ShaderCodeLibraryPakFileMountedCallback: PakFile 'D:/UE_4.27/FeaturePacks/TP_2DSideScrollerBP.upack' (chunk index -1, root 'root:/') mounted
[2023.11.05-05.52.16:828][  0]LogShaderLibrary: Display: ShaderCodeLibraryPakFileMountedCallback: pending pak file info (ChunkID:-1 Root:root:/ File:D:/UE_4.27/FeaturePacks/TP_2DSideScrollerBP.upack)
[2023.11.05-05.52.16:828][  0]LogPakFile: OnPakFileMounted2Time == 0.000024
[2023.11.05-05.52.16:828][  0]LogPakFile: PakFile PrimaryIndexSize=182
[2023.11.05-05.52.16:828][  0]LogPakFile: PakFile PathHashIndexSize=101
[2023.11.05-05.52.16:828][  0]LogPakFile: PakFile FullDirectoryIndexSize=138
[2023.11.05-05.52.16:828][  0]LogShaderLibrary: Display: ShaderCodeLibraryPakFileMountedCallback: PakFile 'D:/UE_4.27/FeaturePacks/TP_Flying.upack' (chunk index -1, root 'root:/') mounted
[2023.11.05-05.52.16:828][  0]LogShaderLibrary: Display: ShaderCodeLibraryPakFileMountedCallback: pending pak file info (ChunkID:-1 Root:root:/ File:D:/UE_4.27/FeaturePacks/TP_Flying.upack)
[2023.11.05-05.52.16:828][  0]LogPakFile: OnPakFileMounted2Time == 0.000023
[2023.11.05-05.52.16:829][  0]LogPakFile: PakFile PrimaryIndexSize=184
[2023.11.05-05.52.16:829][  0]LogPakFile: PakFile PathHashIndexSize=101
[2023.11.05-05.52.16:829][  0]LogPakFile: PakFile FullDirectoryIndexSize=142
[2023.11.05-05.52.16:829][  0]LogShaderLibrary: Display: ShaderCodeLibraryPakFileMountedCallback: PakFile 'D:/UE_4.27/FeaturePacks/TP_FlyingBP.upack' (chunk index -1, root 'root:/') mounted
[2023.11.05-05.52.16:829][  0]LogShaderLibrary: Display: ShaderCodeLibraryPakFileMountedCallback: pending pak file info (ChunkID:-1 Root:root:/ File:D:/UE_4.27/FeaturePacks/TP_FlyingBP.upack)
[2023.11.05-05.52.16:829][  0]LogPakFile: OnPakFileMounted2Time == 0.000022
[2023.11.05-05.52.16:829][  0]LogPakFile: PakFile PrimaryIndexSize=188
[2023.11.05-05.52.16:829][  0]LogPakFile: PakFile PathHashIndexSize=101
[2023.11.05-05.52.16:829][  0]LogPakFile: PakFile FullDirectoryIndexSize=150
[2023.11.05-05.52.16:829][  0]LogShaderLibrary: Display: ShaderCodeLibraryPakFileMountedCallback: PakFile 'D:/UE_4.27/FeaturePacks/TP_HandheldARBP.upack' (chunk index -1, root 'root:/') mounted
[2023.11.05-05.52.16:829][  0]LogShaderLibrary: Display: ShaderCodeLibraryPakFileMountedCallback: pending pak file info (ChunkID:-1 Root:root:/ File:D:/UE_4.27/FeaturePacks/TP_HandheldARBP.upack)
[2023.11.05-05.52.16:829][  0]LogPakFile: OnPakFileMounted2Time == 0.000022
[2023.11.05-05.52.16:829][  0]LogPakFile: PakFile PrimaryIndexSize=182
[2023.11.05-05.52.16:829][  0]LogPakFile: PakFile PathHashIndexSize=101
[2023.11.05-05.52.16:829][  0]LogPakFile: PakFile FullDirectoryIndexSize=138
[2023.11.05-05.52.16:829][  0]LogShaderLibrary: Display: ShaderCodeLibraryPakFileMountedCallback: PakFile 'D:/UE_4.27/FeaturePacks/TP_Puzzle.upack' (chunk index -1, root 'root:/') mounted
[2023.11.05-05.52.16:829][  0]LogShaderLibrary: Display: ShaderCodeLibraryPakFileMountedCallback: pending pak file info (ChunkID:-1 Root:root:/ File:D:/UE_4.27/FeaturePacks/TP_Puzzle.upack)
[2023.11.05-05.52.16:829][  0]LogPakFile: OnPakFileMounted2Time == 0.000034
[2023.11.05-05.52.16:830][  0]LogPakFile: PakFile PrimaryIndexSize=184
[2023.11.05-05.52.16:830][  0]LogPakFile: PakFile PathHashIndexSize=101
[2023.11.05-05.52.16:830][  0]LogPakFile: PakFile FullDirectoryIndexSize=142
[2023.11.05-05.52.16:830][  0]LogShaderLibrary: Display: ShaderCodeLibraryPakFileMountedCallback: PakFile 'D:/UE_4.27/FeaturePacks/TP_PuzzleBP.upack' (chunk index -1, root 'root:/') mounted
[2023.11.05-05.52.16:830][  0]LogShaderLibrary: Display: ShaderCodeLibraryPakFileMountedCallback: pending pak file info (ChunkID:-1 Root:root:/ File:D:/UE_4.27/FeaturePacks/TP_PuzzleBP.upack)
[2023.11.05-05.52.16:830][  0]LogPakFile: OnPakFileMounted2Time == 0.000023
[2023.11.05-05.52.16:830][  0]LogPakFile: PakFile PrimaryIndexSize=183
[2023.11.05-05.52.16:830][  0]LogPakFile: PakFile PathHashIndexSize=101
[2023.11.05-05.52.16:830][  0]LogPakFile: PakFile FullDirectoryIndexSize=140
[2023.11.05-05.52.16:830][  0]LogShaderLibrary: Display: ShaderCodeLibraryPakFileMountedCallback: PakFile 'D:/UE_4.27/FeaturePacks/TP_Rolling.upack' (chunk index -1, root 'root:/') mounted
[2023.11.05-05.52.16:830][  0]LogShaderLibrary: Display: ShaderCodeLibraryPakFileMountedCallback: pending pak file info (ChunkID:-1 Root:root:/ File:D:/UE_4.27/FeaturePacks/TP_Rolling.upack)
[2023.11.05-05.52.16:830][  0]LogPakFile: OnPakFileMounted2Time == 0.000024
[2023.11.05-05.52.16:830][  0]LogPakFile: PakFile PrimaryIndexSize=185
[2023.11.05-05.52.16:830][  0]LogPakFile: PakFile PathHashIndexSize=101
[2023.11.05-05.52.16:830][  0]LogPakFile: PakFile FullDirectoryIndexSize=144
[2023.11.05-05.52.16:830][  0]LogShaderLibrary: Display: ShaderCodeLibraryPakFileMountedCallback: PakFile 'D:/UE_4.27/FeaturePacks/TP_RollingBP.upack' (chunk index -1, root 'root:/') mounted
[2023.11.05-05.52.16:830][  0]LogShaderLibrary: Display: ShaderCodeLibraryPakFileMountedCallback: pending pak file info (ChunkID:-1 Root:root:/ File:D:/UE_4.27/FeaturePacks/TP_RollingBP.upack)
[2023.11.05-05.52.16:830][  0]LogPakFile: OnPakFileMounted2Time == 0.000022
[2023.11.05-05.52.16:830][  0]LogPakFile: PakFile PrimaryIndexSize=188
[2023.11.05-05.52.16:830][  0]LogPakFile: PakFile PathHashIndexSize=101
[2023.11.05-05.52.16:830][  0]LogPakFile: PakFile FullDirectoryIndexSize=150
[2023.11.05-05.52.16:830][  0]LogShaderLibrary: Display: ShaderCodeLibraryPakFileMountedCallback: PakFile 'D:/UE_4.27/FeaturePacks/TP_SideScroller.upack' (chunk index -1, root 'root:/') mounted
[2023.11.05-05.52.16:831][  0]LogShaderLibrary: Display: ShaderCodeLibraryPakFileMountedCallback: pending pak file info (ChunkID:-1 Root:root:/ File:D:/UE_4.27/FeaturePacks/TP_SideScroller.upack)
[2023.11.05-05.52.16:831][  0]LogPakFile: OnPakFileMounted2Time == 0.000023
[2023.11.05-05.52.16:831][  0]LogPakFile: PakFile PrimaryIndexSize=190
[2023.11.05-05.52.16:831][  0]LogPakFile: PakFile PathHashIndexSize=101
[2023.11.05-05.52.16:831][  0]LogPakFile: PakFile FullDirectoryIndexSize=154
[2023.11.05-05.52.16:831][  0]LogShaderLibrary: Display: ShaderCodeLibraryPakFileMountedCallback: PakFile 'D:/UE_4.27/FeaturePacks/TP_SideScrollerBP.upack' (chunk index -1, root 'root:/') mounted
[2023.11.05-05.52.16:831][  0]LogShaderLibrary: Display: ShaderCodeLibraryPakFileMountedCallback: pending pak file info (ChunkID:-1 Root:root:/ File:D:/UE_4.27/FeaturePacks/TP_SideScrollerBP.upack)
[2023.11.05-05.52.16:831][  0]LogPakFile: OnPakFileMounted2Time == 0.000023
[2023.11.05-05.52.16:831][  0]LogPakFile: PakFile PrimaryIndexSize=187
[2023.11.05-05.52.16:831][  0]LogPakFile: PakFile PathHashIndexSize=101
[2023.11.05-05.52.16:831][  0]LogPakFile: PakFile FullDirectoryIndexSize=148
[2023.11.05-05.52.16:831][  0]LogShaderLibrary: Display: ShaderCodeLibraryPakFileMountedCallback: PakFile 'D:/UE_4.27/FeaturePacks/TP_ThirdPerson.upack' (chunk index -1, root 'root:/') mounted
[2023.11.05-05.52.16:831][  0]LogShaderLibrary: Display: ShaderCodeLibraryPakFileMountedCallback: pending pak file info (ChunkID:-1 Root:root:/ File:D:/UE_4.27/FeaturePacks/TP_ThirdPerson.upack)
[2023.11.05-05.52.16:831][  0]LogPakFile: OnPakFileMounted2Time == 0.000025
[2023.11.05-05.52.16:831][  0]LogPakFile: PakFile PrimaryIndexSize=189
[2023.11.05-05.52.16:831][  0]LogPakFile: PakFile PathHashIndexSize=101
[2023.11.05-05.52.16:831][  0]LogPakFile: PakFile FullDirectoryIndexSize=152
[2023.11.05-05.52.16:831][  0]LogShaderLibrary: Display: ShaderCodeLibraryPakFileMountedCallback: PakFile 'D:/UE_4.27/FeaturePacks/TP_ThirdPersonBP.upack' (chunk index -1, root 'root:/') mounted
[2023.11.05-05.52.16:831][  0]LogShaderLibrary: Display: ShaderCodeLibraryPakFileMountedCallback: pending pak file info (ChunkID:-1 Root:root:/ File:D:/UE_4.27/FeaturePacks/TP_ThirdPersonBP.upack)
[2023.11.05-05.52.16:831][  0]LogPakFile: OnPakFileMounted2Time == 0.000023
[2023.11.05-05.52.16:832][  0]LogPakFile: PakFile PrimaryIndexSize=183
[2023.11.05-05.52.16:832][  0]LogPakFile: PakFile PathHashIndexSize=101
[2023.11.05-05.52.16:832][  0]LogPakFile: PakFile FullDirectoryIndexSize=140
[2023.11.05-05.52.16:832][  0]LogShaderLibrary: Display: ShaderCodeLibraryPakFileMountedCallback: PakFile 'D:/UE_4.27/FeaturePacks/TP_TopDown.upack' (chunk index -1, root 'root:/') mounted
[2023.11.05-05.52.16:832][  0]LogShaderLibrary: Display: ShaderCodeLibraryPakFileMountedCallback: pending pak file info (ChunkID:-1 Root:root:/ File:D:/UE_4.27/FeaturePacks/TP_TopDown.upack)
[2023.11.05-05.52.16:832][  0]LogPakFile: OnPakFileMounted2Time == 0.000027
[2023.11.05-05.52.16:832][  0]LogPakFile: PakFile PrimaryIndexSize=185
[2023.11.05-05.52.16:832][  0]LogPakFile: PakFile PathHashIndexSize=101
[2023.11.05-05.52.16:832][  0]LogPakFile: PakFile FullDirectoryIndexSize=144
[2023.11.05-05.52.16:832][  0]LogShaderLibrary: Display: ShaderCodeLibraryPakFileMountedCallback: PakFile 'D:/UE_4.27/FeaturePacks/TP_TopDownBP.upack' (chunk index -1, root 'root:/') mounted
[2023.11.05-05.52.16:832][  0]LogShaderLibrary: Display: ShaderCodeLibraryPakFileMountedCallback: pending pak file info (ChunkID:-1 Root:root:/ File:D:/UE_4.27/FeaturePacks/TP_TopDownBP.upack)
[2023.11.05-05.52.16:832][  0]LogPakFile: OnPakFileMounted2Time == 0.000024
[2023.11.05-05.52.16:832][  0]LogPakFile: PakFile PrimaryIndexSize=185
[2023.11.05-05.52.16:832][  0]LogPakFile: PakFile PathHashIndexSize=101
[2023.11.05-05.52.16:832][  0]LogPakFile: PakFile FullDirectoryIndexSize=144
[2023.11.05-05.52.16:832][  0]LogShaderLibrary: Display: ShaderCodeLibraryPakFileMountedCallback: PakFile 'D:/UE_4.27/FeaturePacks/TP_TwinStick.upack' (chunk index -1, root 'root:/') mounted
[2023.11.05-05.52.16:832][  0]LogShaderLibrary: Display: ShaderCodeLibraryPakFileMountedCallback: pending pak file info (ChunkID:-1 Root:root:/ File:D:/UE_4.27/FeaturePacks/TP_TwinStick.upack)
[2023.11.05-05.52.16:832][  0]LogPakFile: OnPakFileMounted2Time == 0.000022
[2023.11.05-05.52.16:832][  0]LogPakFile: PakFile PrimaryIndexSize=187
[2023.11.05-05.52.16:832][  0]LogPakFile: PakFile PathHashIndexSize=101
[2023.11.05-05.52.16:832][  0]LogPakFile: PakFile FullDirectoryIndexSize=148
[2023.11.05-05.52.16:832][  0]LogShaderLibrary: Display: ShaderCodeLibraryPakFileMountedCallback: PakFile 'D:/UE_4.27/FeaturePacks/TP_TwinStickBP.upack' (chunk index -1, root 'root:/') mounted
[2023.11.05-05.52.16:832][  0]LogShaderLibrary: Display: ShaderCodeLibraryPakFileMountedCallback: pending pak file info (ChunkID:-1 Root:root:/ File:D:/UE_4.27/FeaturePacks/TP_TwinStickBP.upack)
[2023.11.05-05.52.16:832][  0]LogPakFile: OnPakFileMounted2Time == 0.000022
[2023.11.05-05.52.16:833][  0]LogPakFile: PakFile PrimaryIndexSize=183
[2023.11.05-05.52.16:833][  0]LogPakFile: PakFile PathHashIndexSize=101
[2023.11.05-05.52.16:833][  0]LogPakFile: PakFile FullDirectoryIndexSize=140
[2023.11.05-05.52.16:833][  0]LogShaderLibrary: Display: ShaderCodeLibraryPakFileMountedCallback: PakFile 'D:/UE_4.27/FeaturePacks/TP_Vehicle.upack' (chunk index -1, root 'root:/') mounted
[2023.11.05-05.52.16:833][  0]LogShaderLibrary: Display: ShaderCodeLibraryPakFileMountedCallback: pending pak file info (ChunkID:-1 Root:root:/ File:D:/UE_4.27/FeaturePacks/TP_Vehicle.upack)
[2023.11.05-05.52.16:833][  0]LogPakFile: OnPakFileMounted2Time == 0.000023
[2023.11.05-05.52.16:833][  0]LogPakFile: PakFile PrimaryIndexSize=186
[2023.11.05-05.52.16:833][  0]LogPakFile: PakFile PathHashIndexSize=101
[2023.11.05-05.52.16:833][  0]LogPakFile: PakFile FullDirectoryIndexSize=146
[2023.11.05-05.52.16:833][  0]LogShaderLibrary: Display: ShaderCodeLibraryPakFileMountedCallback: PakFile 'D:/UE_4.27/FeaturePacks/TP_VehicleAdv.upack' (chunk index -1, root 'root:/') mounted
[2023.11.05-05.52.16:833][  0]LogShaderLibrary: Display: ShaderCodeLibraryPakFileMountedCallback: pending pak file info (ChunkID:-1 Root:root:/ File:D:/UE_4.27/FeaturePacks/TP_VehicleAdv.upack)
[2023.11.05-05.52.16:833][  0]LogPakFile: OnPakFileMounted2Time == 0.000026
[2023.11.05-05.52.16:833][  0]LogPakFile: PakFile PrimaryIndexSize=188
[2023.11.05-05.52.16:833][  0]LogPakFile: PakFile PathHashIndexSize=101
[2023.11.05-05.52.16:833][  0]LogPakFile: PakFile FullDirectoryIndexSize=150
[2023.11.05-05.52.16:833][  0]LogShaderLibrary: Display: ShaderCodeLibraryPakFileMountedCallback: PakFile 'D:/UE_4.27/FeaturePacks/TP_VehicleAdvBP.upack' (chunk index -1, root 'root:/') mounted
[2023.11.05-05.52.16:833][  0]LogShaderLibrary: Display: ShaderCodeLibraryPakFileMountedCallback: pending pak file info (ChunkID:-1 Root:root:/ File:D:/UE_4.27/FeaturePacks/TP_VehicleAdvBP.upack)
[2023.11.05-05.52.16:833][  0]LogPakFile: OnPakFileMounted2Time == 0.000022
[2023.11.05-05.52.16:834][  0]LogPakFile: PakFile PrimaryIndexSize=185
[2023.11.05-05.52.16:834][  0]LogPakFile: PakFile PathHashIndexSize=101
[2023.11.05-05.52.16:834][  0]LogPakFile: PakFile FullDirectoryIndexSize=144
[2023.11.05-05.52.16:834][  0]LogShaderLibrary: Display: ShaderCodeLibraryPakFileMountedCallback: PakFile 'D:/UE_4.27/FeaturePacks/TP_VehicleBP.upack' (chunk index -1, root 'root:/') mounted
[2023.11.05-05.52.16:834][  0]LogShaderLibrary: Display: ShaderCodeLibraryPakFileMountedCallback: pending pak file info (ChunkID:-1 Root:root:/ File:D:/UE_4.27/FeaturePacks/TP_VehicleBP.upack)
[2023.11.05-05.52.16:834][  0]LogPakFile: OnPakFileMounted2Time == 0.000022
[2023.11.05-05.52.16:834][  0]LogPakFile: PakFile PrimaryIndexSize=192
[2023.11.05-05.52.16:834][  0]LogPakFile: PakFile PathHashIndexSize=101
[2023.11.05-05.52.16:834][  0]LogPakFile: PakFile FullDirectoryIndexSize=158
[2023.11.05-05.52.16:834][  0]LogShaderLibrary: Display: ShaderCodeLibraryPakFileMountedCallback: PakFile 'D:/UE_4.27/FeaturePacks/TP_VirtualRealityBP.upack' (chunk index -1, root 'root:/') mounted
[2023.11.05-05.52.16:834][  0]LogShaderLibrary: Display: ShaderCodeLibraryPakFileMountedCallback: pending pak file info (ChunkID:-1 Root:root:/ File:D:/UE_4.27/FeaturePacks/TP_VirtualRealityBP.upack)
[2023.11.05-05.52.16:834][  0]LogPakFile: OnPakFileMounted2Time == 0.000023
[2023.11.05-05.52.16:854][  0]LogNativeClassHierarchy: Verbose: Native class hierarchy updated for 'AddContentDialog' in 0.0003 seconds. Added 0 classes and 0 folders.
[2023.11.05-05.52.16:855][  0]LogNativeClassHierarchy: Verbose: Native class hierarchy updated for 'SceneOutliner' in 0.0003 seconds. Added 2 classes and 0 folders.
[2023.11.05-05.52.16:934][  0]LogNativeClassHierarchy: Verbose: Native class hierarchy updated for 'HierarchicalLODOutliner' in 0.0003 seconds. Added 0 classes and 0 folders.
[2023.11.05-05.52.16:934][  0]LogLoad: (Engine Initialization) Total time: 5.34 seconds
[2023.11.05-05.52.16:934][  0]LogLoad: (Engine Initialization) Total Blueprint compile time: 0.00 seconds
[2023.11.05-05.52.16:997][  0]LogContentStreaming: Texture pool size now 1000 MB
[2023.11.05-05.52.16:997][  0]LogSlate: Took 0.000151 seconds to synchronously load lazily loaded font '../../../Engine/Content/Slate/Fonts/Roboto-Regular.ttf' (155K)
[2023.11.05-05.52.16:998][  0]LogSlate: Took 0.000086 seconds to synchronously load lazily loaded font '../../../Engine/Content/Editor/Slate/Fonts/FontAwesome.ttf' (139K)
[2023.11.05-05.52.16:999][  0]LogSlate: Took 0.000139 seconds to synchronously load lazily loaded font '../../../Engine/Content/Slate/Fonts/Roboto-Bold.ttf' (160K)
[2023.11.05-05.52.17:411][  0]LogRenderer: Reallocating scene render targets to support 756x368 Format 10 NumSamples 1 (Frame:1).
[2023.11.05-05.52.17:411][  0]LogSlate: Took 0.000143 seconds to synchronously load lazily loaded font '../../../Engine/Content/Slate/Fonts/Roboto-Light.ttf' (167K)
[2023.11.05-05.52.17:453][  1]LogAssetRegistry: Asset discovery search completed in 3.4178 seconds
[2023.11.05-05.52.17:458][  1]LogCollectionManager: Fixed up redirectors for 0 collections in 0.000011 seconds (updated 0 objects)
